mode: atomic
github.com/sastromikus/gophkeeper/internal/client/app/auth.go:41.98,42.49 1 1
github.com/sastromikus/gophkeeper/internal/client/app/auth.go:42.49,44.3 1 0
github.com/sastromikus/gophkeeper/internal/client/app/auth.go:45.2,45.66 1 1
github.com/sastromikus/gophkeeper/internal/client/app/auth.go:49.89,51.16 2 1
github.com/sastromikus/gophkeeper/internal/client/app/auth.go:51.16,53.3 1 0
github.com/sastromikus/gophkeeper/internal/client/app/auth.go:54.2,56.16 3 1
github.com/sastromikus/gophkeeper/internal/client/app/auth.go:56.16,58.3 1 0
github.com/sastromikus/gophkeeper/internal/client/app/auth.go:59.2,59.100 1 1
github.com/sastromikus/gophkeeper/internal/client/app/auth.go:59.100,61.3 1 0
github.com/sastromikus/gophkeeper/internal/client/app/auth.go:62.2,62.12 1 1
github.com/sastromikus/gophkeeper/internal/client/app/auth.go:67.86,69.16 2 1
github.com/sastromikus/gophkeeper/internal/client/app/auth.go:69.16,71.3 1 0
github.com/sastromikus/gophkeeper/internal/client/app/auth.go:72.2,73.16 2 1
github.com/sastromikus/gophkeeper/internal/client/app/auth.go:73.16,75.3 1 0
github.com/sastromikus/gophkeeper/internal/client/app/auth.go:76.2,77.92 2 1
github.com/sastromikus/gophkeeper/internal/client/app/auth.go:77.92,79.3 1 0
github.com/sastromikus/gophkeeper/internal/client/app/auth.go:80.2,80.12 1 1
github.com/sastromikus/gophkeeper/internal/client/app/auth.go:84.63,86.16 2 1
github.com/sastromikus/gophkeeper/internal/client/app/auth.go:86.16,88.3 1 0
github.com/sastromikus/gophkeeper/internal/client/app/auth.go:89.2,89.61 1 1
github.com/sastromikus/gophkeeper/internal/client/app/auth.go:89.61,91.3 1 0
github.com/sastromikus/gophkeeper/internal/client/app/auth.go:92.2,92.47 1 1
github.com/sastromikus/gophkeeper/internal/client/app/auth.go:92.47,94.3 1 0
github.com/sastromikus/gophkeeper/internal/client/app/auth.go:95.2,95.12 1 1
github.com/sastromikus/gophkeeper/internal/client/app/auth.go:98.117,100.2 1 2
github.com/sastromikus/gophkeeper/internal/client/app/conflict.go:33.72,34.18 1 1
github.com/sastromikus/gophkeeper/internal/client/app/conflict.go:34.18,36.3 1 0
github.com/sastromikus/gophkeeper/internal/client/app/conflict.go:37.2,37.44 1 1
github.com/sastromikus/gophkeeper/internal/client/app/conflict.go:41.86,42.16 1 1
github.com/sastromikus/gophkeeper/internal/client/app/conflict.go:42.16,44.3 1 0
github.com/sastromikus/gophkeeper/internal/client/app/conflict.go:45.2,46.16 2 1
github.com/sastromikus/gophkeeper/internal/client/app/conflict.go:46.16,48.3 1 0
github.com/sastromikus/gophkeeper/internal/client/app/conflict.go:49.2,50.37 2 1
github.com/sastromikus/gophkeeper/internal/client/app/conflict.go:50.37,56.3 1 1
github.com/sastromikus/gophkeeper/internal/client/app/conflict.go:57.2,57.20 1 1
github.com/sastromikus/gophkeeper/internal/client/app/conflict.go:62.120,63.16 1 1
github.com/sastromikus/gophkeeper/internal/client/app/conflict.go:63.16,65.3 1 0
github.com/sastromikus/gophkeeper/internal/client/app/conflict.go:66.2,66.17 1 1
github.com/sastromikus/gophkeeper/internal/client/app/conflict.go:66.17,68.3 1 0
github.com/sastromikus/gophkeeper/internal/client/app/conflict.go:69.2,69.75 1 1
github.com/sastromikus/gophkeeper/internal/client/app/conflict.go:69.75,71.3 1 0
github.com/sastromikus/gophkeeper/internal/client/app/conflict.go:72.2,72.12 1 1
github.com/sastromikus/gophkeeper/internal/client/app/local_vault.go:37.118,38.51 1 5
github.com/sastromikus/gophkeeper/internal/client/app/local_vault.go:38.51,40.3 1 1
github.com/sastromikus/gophkeeper/internal/client/app/local_vault.go:41.2,51.8 1 4
github.com/sastromikus/gophkeeper/internal/client/app/local_vault.go:55.191,56.16 1 1
github.com/sastromikus/gophkeeper/internal/client/app/local_vault.go:56.16,58.3 1 0
github.com/sastromikus/gophkeeper/internal/client/app/local_vault.go:59.2,60.16 2 1
github.com/sastromikus/gophkeeper/internal/client/app/local_vault.go:60.16,62.3 1 0
github.com/sastromikus/gophkeeper/internal/client/app/local_vault.go:63.2,64.16 2 1
github.com/sastromikus/gophkeeper/internal/client/app/local_vault.go:64.16,66.3 1 0
github.com/sastromikus/gophkeeper/internal/client/app/local_vault.go:67.2,70.16 3 1
github.com/sastromikus/gophkeeper/internal/client/app/local_vault.go:70.16,72.3 1 0
github.com/sastromikus/gophkeeper/internal/client/app/local_vault.go:73.2,78.55 3 1
github.com/sastromikus/gophkeeper/internal/client/app/local_vault.go:78.55,80.3 1 0
github.com/sastromikus/gophkeeper/internal/client/app/local_vault.go:81.2,81.36 1 1
github.com/sastromikus/gophkeeper/internal/client/app/local_vault.go:85.110,86.16 1 2
github.com/sastromikus/gophkeeper/internal/client/app/local_vault.go:86.16,88.3 1 0
github.com/sastromikus/gophkeeper/internal/client/app/local_vault.go:89.2,89.17 1 2
github.com/sastromikus/gophkeeper/internal/client/app/local_vault.go:89.17,91.3 1 1
github.com/sastromikus/gophkeeper/internal/client/app/local_vault.go:92.2,93.16 2 1
github.com/sastromikus/gophkeeper/internal/client/app/local_vault.go:93.16,95.3 1 0
github.com/sastromikus/gophkeeper/internal/client/app/local_vault.go:96.2,96.28 1 1
github.com/sastromikus/gophkeeper/internal/client/app/local_vault.go:96.28,98.3 1 0
github.com/sastromikus/gophkeeper/internal/client/app/local_vault.go:99.2,100.16 2 1
github.com/sastromikus/gophkeeper/internal/client/app/local_vault.go:100.16,102.3 1 0
github.com/sastromikus/gophkeeper/internal/client/app/local_vault.go:103.2,106.16 3 1
github.com/sastromikus/gophkeeper/internal/client/app/local_vault.go:106.16,108.3 1 0
github.com/sastromikus/gophkeeper/internal/client/app/local_vault.go:109.2,110.116 2 1
github.com/sastromikus/gophkeeper/internal/client/app/local_vault.go:110.116,112.3 1 0
github.com/sastromikus/gophkeeper/internal/client/app/local_vault.go:113.2,113.143 1 1
github.com/sastromikus/gophkeeper/internal/client/app/local_vault.go:117.103,118.16 1 1
github.com/sastromikus/gophkeeper/internal/client/app/local_vault.go:118.16,120.3 1 0
github.com/sastromikus/gophkeeper/internal/client/app/local_vault.go:121.2,122.16 2 1
github.com/sastromikus/gophkeeper/internal/client/app/local_vault.go:122.16,124.3 1 0
github.com/sastromikus/gophkeeper/internal/client/app/local_vault.go:125.2,125.23 1 1
github.com/sastromikus/gophkeeper/internal/client/app/local_vault.go:125.23,127.3 1 0
github.com/sastromikus/gophkeeper/internal/client/app/local_vault.go:128.2,129.16 2 1
github.com/sastromikus/gophkeeper/internal/client/app/local_vault.go:129.16,131.3 1 0
github.com/sastromikus/gophkeeper/internal/client/app/local_vault.go:132.2,135.33 3 1
github.com/sastromikus/gophkeeper/internal/client/app/local_vault.go:135.33,137.17 2 1
github.com/sastromikus/gophkeeper/internal/client/app/local_vault.go:137.17,139.4 1 0
github.com/sastromikus/gophkeeper/internal/client/app/local_vault.go:140.3,141.119 2 1
github.com/sastromikus/gophkeeper/internal/client/app/local_vault.go:141.119,143.4 1 0
github.com/sastromikus/gophkeeper/internal/client/app/local_vault.go:144.3,144.192 1 1
github.com/sastromikus/gophkeeper/internal/client/app/local_vault.go:146.2,146.23 1 1
github.com/sastromikus/gophkeeper/internal/client/app/local_vault.go:150.204,151.16 1 2
github.com/sastromikus/gophkeeper/internal/client/app/local_vault.go:151.16,153.3 1 0
github.com/sastromikus/gophkeeper/internal/client/app/local_vault.go:154.2,154.17 1 2
github.com/sastromikus/gophkeeper/internal/client/app/local_vault.go:154.17,156.3 1 0
github.com/sastromikus/gophkeeper/internal/client/app/local_vault.go:157.2,158.16 2 2
github.com/sastromikus/gophkeeper/internal/client/app/local_vault.go:158.16,160.3 1 0
github.com/sastromikus/gophkeeper/internal/client/app/local_vault.go:161.2,161.30 1 2
github.com/sastromikus/gophkeeper/internal/client/app/local_vault.go:161.30,163.3 1 0
github.com/sastromikus/gophkeeper/internal/client/app/local_vault.go:164.2,164.37 1 2
github.com/sastromikus/gophkeeper/internal/client/app/local_vault.go:164.37,166.3 1 0
github.com/sastromikus/gophkeeper/internal/client/app/local_vault.go:167.2,168.16 2 2
github.com/sastromikus/gophkeeper/internal/client/app/local_vault.go:168.16,170.3 1 0
github.com/sastromikus/gophkeeper/internal/client/app/local_vault.go:171.2,174.16 3 2
github.com/sastromikus/gophkeeper/internal/client/app/local_vault.go:174.16,176.3 1 0
github.com/sastromikus/gophkeeper/internal/client/app/local_vault.go:177.2,179.28 3 2
github.com/sastromikus/gophkeeper/internal/client/app/local_vault.go:180.33,180.33 0 1
github.com/sastromikus/gophkeeper/internal/client/app/local_vault.go:182.34,182.34 0 0
github.com/sastromikus/gophkeeper/internal/client/app/local_vault.go:184.10,185.49 1 1
github.com/sastromikus/gophkeeper/internal/client/app/local_vault.go:187.2,187.57 1 2
github.com/sastromikus/gophkeeper/internal/client/app/local_vault.go:187.57,189.3 1 0
github.com/sastromikus/gophkeeper/internal/client/app/local_vault.go:190.2,190.38 1 2
github.com/sastromikus/gophkeeper/internal/client/app/local_vault.go:195.82,196.16 1 3
github.com/sastromikus/gophkeeper/internal/client/app/local_vault.go:196.16,198.3 1 0
github.com/sastromikus/gophkeeper/internal/client/app/local_vault.go:199.2,199.17 1 3
github.com/sastromikus/gophkeeper/internal/client/app/local_vault.go:199.17,201.3 1 0
github.com/sastromikus/gophkeeper/internal/client/app/local_vault.go:202.2,203.16 2 3
github.com/sastromikus/gophkeeper/internal/client/app/local_vault.go:203.16,205.3 1 1
github.com/sastromikus/gophkeeper/internal/client/app/local_vault.go:206.2,206.54 1 2
github.com/sastromikus/gophkeeper/internal/client/app/local_vault.go:206.54,208.3 1 0
github.com/sastromikus/gophkeeper/internal/client/app/local_vault.go:209.2,209.53 1 2
github.com/sastromikus/gophkeeper/internal/client/app/local_vault.go:209.53,210.55 1 1
github.com/sastromikus/gophkeeper/internal/client/app/local_vault.go:210.55,212.4 1 0
github.com/sastromikus/gophkeeper/internal/client/app/local_vault.go:213.3,213.13 1 1
github.com/sastromikus/gophkeeper/internal/client/app/local_vault.go:215.2,215.30 1 1
github.com/sastromikus/gophkeeper/internal/client/app/local_vault.go:215.30,217.3 1 0
github.com/sastromikus/gophkeeper/internal/client/app/local_vault.go:218.2,226.57 9 1
github.com/sastromikus/gophkeeper/internal/client/app/local_vault.go:226.57,228.3 1 0
github.com/sastromikus/gophkeeper/internal/client/app/local_vault.go:229.2,229.12 1 1
github.com/sastromikus/gophkeeper/internal/client/app/local_vault.go:232.97,233.20 1 5
github.com/sastromikus/gophkeeper/internal/client/app/local_vault.go:233.20,235.3 1 0
github.com/sastromikus/gophkeeper/internal/client/app/local_vault.go:236.2,237.16 2 5
github.com/sastromikus/gophkeeper/internal/client/app/local_vault.go:237.16,239.3 1 0
github.com/sastromikus/gophkeeper/internal/client/app/local_vault.go:240.2,242.16 3 5
github.com/sastromikus/gophkeeper/internal/client/app/local_vault.go:242.16,244.3 1 0
github.com/sastromikus/gophkeeper/internal/client/app/local_vault.go:245.2,245.24 1 5
github.com/sastromikus/gophkeeper/internal/client/app/local_vault.go:248.79,253.2 1 3
github.com/sastromikus/gophkeeper/internal/client/app/sync.go:51.98,52.48 1 3
github.com/sastromikus/gophkeeper/internal/client/app/sync.go:52.48,54.3 1 0
github.com/sastromikus/gophkeeper/internal/client/app/sync.go:55.2,55.64 1 3
github.com/sastromikus/gophkeeper/internal/client/app/sync.go:59.75,60.16 1 3
github.com/sastromikus/gophkeeper/internal/client/app/sync.go:60.16,62.3 1 0
github.com/sastromikus/gophkeeper/internal/client/app/sync.go:63.2,64.16 2 3
github.com/sastromikus/gophkeeper/internal/client/app/sync.go:64.16,66.3 1 0
github.com/sastromikus/gophkeeper/internal/client/app/sync.go:67.2,69.16 3 3
github.com/sastromikus/gophkeeper/internal/client/app/sync.go:69.16,71.3 1 0
github.com/sastromikus/gophkeeper/internal/client/app/sync.go:72.2,72.33 1 3
github.com/sastromikus/gophkeeper/internal/client/app/sync.go:72.33,73.54 1 3
github.com/sastromikus/gophkeeper/internal/client/app/sync.go:73.54,75.12 2 0
github.com/sastromikus/gophkeeper/internal/client/app/sync.go:77.3,78.17 2 3
github.com/sastromikus/gophkeeper/internal/client/app/sync.go:78.17,79.90 1 2
github.com/sastromikus/gophkeeper/internal/client/app/sync.go:79.90,81.28 2 2
github.com/sastromikus/gophkeeper/internal/client/app/sync.go:81.28,83.6 1 0
github.com/sastromikus/gophkeeper/internal/client/app/sync.go:84.5,84.19 1 2
github.com/sastromikus/gophkeeper/internal/client/app/sync.go:84.19,86.6 1 1
github.com/sastromikus/gophkeeper/internal/client/app/sync.go:86.11,88.6 1 1
github.com/sastromikus/gophkeeper/internal/client/app/sync.go:89.5,89.13 1 2
github.com/sastromikus/gophkeeper/internal/client/app/sync.go:91.4,91.75 1 0
github.com/sastromikus/gophkeeper/internal/client/app/sync.go:93.3,93.96 1 1
github.com/sastromikus/gophkeeper/internal/client/app/sync.go:93.96,95.4 1 0
github.com/sastromikus/gophkeeper/internal/client/app/sync.go:96.3,96.20 1 1
github.com/sastromikus/gophkeeper/internal/client/app/sync.go:99.2,100.16 2 3
github.com/sastromikus/gophkeeper/internal/client/app/sync.go:100.16,102.3 1 0
github.com/sastromikus/gophkeeper/internal/client/app/sync.go:103.2,103.6 1 3
github.com/sastromikus/gophkeeper/internal/client/app/sync.go:103.6,105.17 2 3
github.com/sastromikus/gophkeeper/internal/client/app/sync.go:105.17,107.4 1 0
github.com/sastromikus/gophkeeper/internal/client/app/sync.go:108.3,109.39 2 3
github.com/sastromikus/gophkeeper/internal/client/app/sync.go:109.39,111.4 1 1
github.com/sastromikus/gophkeeper/internal/client/app/sync.go:112.3,113.17 2 3
github.com/sastromikus/gophkeeper/internal/client/app/sync.go:113.17,115.4 1 0
github.com/sastromikus/gophkeeper/internal/client/app/sync.go:116.3,119.20 4 3
github.com/sastromikus/gophkeeper/internal/client/app/sync.go:119.20,120.9 1 3
github.com/sastromikus/gophkeeper/internal/client/app/sync.go:123.2,124.20 2 3
github.com/sastromikus/gophkeeper/internal/client/app/sync.go:127.137,128.27 1 3
github.com/sastromikus/gophkeeper/internal/client/app/sync.go:129.33,130.70 1 2
github.com/sastromikus/gophkeeper/internal/client/app/sync.go:131.33,132.86 1 1
github.com/sastromikus/gophkeeper/internal/client/app/sync.go:133.33,134.73 1 0
github.com/sastromikus/gophkeeper/internal/client/app/sync.go:135.10,136.155 1 0
github.com/sastromikus/gophkeeper/internal/client/app/sync.go:140.102,146.2 1 4
github.com/sastromikus/gophkeeper/internal/client/app/sync.go:148.129,150.16 2 2
github.com/sastromikus/gophkeeper/internal/client/app/sync.go:150.16,152.3 1 0
github.com/sastromikus/gophkeeper/internal/client/app/sync.go:153.2,154.46 2 2
github.com/sastromikus/gophkeeper/internal/client/app/sync.go:154.46,155.62 1 1
github.com/sastromikus/gophkeeper/internal/client/app/sync.go:155.62,157.4 1 0
github.com/sastromikus/gophkeeper/internal/client/app/sync.go:158.3,158.19 1 1
github.com/sastromikus/gophkeeper/internal/client/app/sync.go:160.2,160.76 1 1
github.com/sastromikus/gophkeeper/internal/client/app/sync.go:160.76,162.3 1 0
github.com/sastromikus/gophkeeper/internal/client/app/sync.go:163.2,163.19 1 1
github.com/sastromikus/gophkeeper/internal/client/app/sync.go:166.67,167.26 1 2
github.com/sastromikus/gophkeeper/internal/client/app/sync.go:168.60,169.80 1 2
github.com/sastromikus/gophkeeper/internal/client/app/sync.go:170.33,171.33 1 0
github.com/sastromikus/gophkeeper/internal/client/app/sync.go:172.10,173.15 1 0
github.com/sastromikus/gophkeeper/internal/client/app/sync.go:177.76,184.2 1 2
github.com/sastromikus/gophkeeper/internal/client/app/vault.go:65.99,66.49 1 6
github.com/sastromikus/gophkeeper/internal/client/app/vault.go:66.49,68.3 1 0
github.com/sastromikus/gophkeeper/internal/client/app/vault.go:69.2,72.9 1 6
github.com/sastromikus/gophkeeper/internal/client/app/vault.go:76.186,78.16 2 1
github.com/sastromikus/gophkeeper/internal/client/app/vault.go:78.16,80.3 1 0
github.com/sastromikus/gophkeeper/internal/client/app/vault.go:81.2,82.16 2 1
github.com/sastromikus/gophkeeper/internal/client/app/vault.go:82.16,84.3 1 0
github.com/sastromikus/gophkeeper/internal/client/app/vault.go:85.2,87.16 3 1
github.com/sastromikus/gophkeeper/internal/client/app/vault.go:87.16,89.3 1 0
github.com/sastromikus/gophkeeper/internal/client/app/vault.go:90.2,91.16 2 1
github.com/sastromikus/gophkeeper/internal/client/app/vault.go:91.16,93.3 1 0
github.com/sastromikus/gophkeeper/internal/client/app/vault.go:94.2,94.20 1 1
github.com/sastromikus/gophkeeper/internal/client/app/vault.go:98.105,99.17 1 2
github.com/sastromikus/gophkeeper/internal/client/app/vault.go:99.17,101.3 1 1
github.com/sastromikus/gophkeeper/internal/client/app/vault.go:102.2,103.16 2 1
github.com/sastromikus/gophkeeper/internal/client/app/vault.go:103.16,105.3 1 0
github.com/sastromikus/gophkeeper/internal/client/app/vault.go:106.2,108.16 3 1
github.com/sastromikus/gophkeeper/internal/client/app/vault.go:108.16,110.3 1 0
github.com/sastromikus/gophkeeper/internal/client/app/vault.go:111.2,112.16 2 1
github.com/sastromikus/gophkeeper/internal/client/app/vault.go:112.16,114.3 1 0
github.com/sastromikus/gophkeeper/internal/client/app/vault.go:115.2,116.118 2 1
github.com/sastromikus/gophkeeper/internal/client/app/vault.go:116.118,118.3 1 0
github.com/sastromikus/gophkeeper/internal/client/app/vault.go:119.2,119.146 1 1
github.com/sastromikus/gophkeeper/internal/client/app/vault.go:123.98,125.16 2 1
github.com/sastromikus/gophkeeper/internal/client/app/vault.go:125.16,127.3 1 0
github.com/sastromikus/gophkeeper/internal/client/app/vault.go:128.2,131.6 4 1
github.com/sastromikus/gophkeeper/internal/client/app/vault.go:131.6,133.17 2 1
github.com/sastromikus/gophkeeper/internal/client/app/vault.go:133.17,135.4 1 0
github.com/sastromikus/gophkeeper/internal/client/app/vault.go:136.3,136.39 1 1
github.com/sastromikus/gophkeeper/internal/client/app/vault.go:136.39,138.18 2 1
github.com/sastromikus/gophkeeper/internal/client/app/vault.go:138.18,140.5 1 0
github.com/sastromikus/gophkeeper/internal/client/app/vault.go:141.4,142.120 2 1
github.com/sastromikus/gophkeeper/internal/client/app/vault.go:142.120,144.5 1 0
github.com/sastromikus/gophkeeper/internal/client/app/vault.go:145.4,145.162 1 1
github.com/sastromikus/gophkeeper/internal/client/app/vault.go:147.3,147.20 1 1
github.com/sastromikus/gophkeeper/internal/client/app/vault.go:147.20,148.9 1 1
github.com/sastromikus/gophkeeper/internal/client/app/vault.go:150.3,150.63 1 0
github.com/sastromikus/gophkeeper/internal/client/app/vault.go:150.63,152.4 1 0
github.com/sastromikus/gophkeeper/internal/client/app/vault.go:153.3,153.30 1 0
github.com/sastromikus/gophkeeper/internal/client/app/vault.go:155.2,155.23 1 1
github.com/sastromikus/gophkeeper/internal/client/app/vault.go:159.199,160.17 1 2
github.com/sastromikus/gophkeeper/internal/client/app/vault.go:160.17,162.3 1 0
github.com/sastromikus/gophkeeper/internal/client/app/vault.go:163.2,164.16 2 2
github.com/sastromikus/gophkeeper/internal/client/app/vault.go:164.16,166.3 1 0
github.com/sastromikus/gophkeeper/internal/client/app/vault.go:167.2,169.16 3 2
github.com/sastromikus/gophkeeper/internal/client/app/vault.go:169.16,171.3 1 0
github.com/sastromikus/gophkeeper/internal/client/app/vault.go:172.2,172.37 1 2
github.com/sastromikus/gophkeeper/internal/client/app/vault.go:172.37,174.3 1 1
github.com/sastromikus/gophkeeper/internal/client/app/vault.go:175.2,176.16 2 1
github.com/sastromikus/gophkeeper/internal/client/app/vault.go:176.16,178.3 1 0
github.com/sastromikus/gophkeeper/internal/client/app/vault.go:179.2,180.16 2 1
github.com/sastromikus/gophkeeper/internal/client/app/vault.go:180.16,182.3 1 0
github.com/sastromikus/gophkeeper/internal/client/app/vault.go:183.2,183.21 1 1
github.com/sastromikus/gophkeeper/internal/client/app/vault.go:187.77,188.17 1 2
github.com/sastromikus/gophkeeper/internal/client/app/vault.go:188.17,190.3 1 1
github.com/sastromikus/gophkeeper/internal/client/app/vault.go:191.2,192.16 2 1
github.com/sastromikus/gophkeeper/internal/client/app/vault.go:192.16,194.3 1 0
github.com/sastromikus/gophkeeper/internal/client/app/vault.go:195.2,196.16 2 1
github.com/sastromikus/gophkeeper/internal/client/app/vault.go:196.16,198.3 1 0
github.com/sastromikus/gophkeeper/internal/client/app/vault.go:199.2,199.90 1 1
github.com/sastromikus/gophkeeper/internal/client/app/vault.go:199.90,201.3 1 0
github.com/sastromikus/gophkeeper/internal/client/app/vault.go:202.2,202.12 1 1
github.com/sastromikus/gophkeeper/internal/client/app/vault.go:205.92,206.20 1 5
github.com/sastromikus/gophkeeper/internal/client/app/vault.go:206.20,208.3 1 0
github.com/sastromikus/gophkeeper/internal/client/app/vault.go:209.2,210.16 2 5
github.com/sastromikus/gophkeeper/internal/client/app/vault.go:210.16,212.3 1 0
github.com/sastromikus/gophkeeper/internal/client/app/vault.go:213.2,215.16 3 5
github.com/sastromikus/gophkeeper/internal/client/app/vault.go:215.16,217.3 1 0
github.com/sastromikus/gophkeeper/internal/client/app/vault.go:218.2,218.24 1 5
github.com/sastromikus/gophkeeper/internal/client/app/vault.go:221.37,223.53 2 2
github.com/sastromikus/gophkeeper/internal/client/app/vault.go:223.53,225.3 1 0
github.com/sastromikus/gophkeeper/internal/client/app/vault.go:226.2,230.16 5 2
github.com/sastromikus/gophkeeper/internal/client/app/vault.go:230.16,232.3 1 0
github.com/sastromikus/gophkeeper/internal/client/app/vault.go:233.2,233.16 1 2
github.com/sastromikus/gophkeeper/internal/client/app/vault.go:236.62,237.20 1 4
github.com/sastromikus/gophkeeper/internal/client/app/vault.go:238.35,239.41 1 3
github.com/sastromikus/gophkeeper/internal/client/app/vault.go:240.28,241.34 1 1
github.com/sastromikus/gophkeeper/internal/client/app/vault.go:242.30,243.36 1 0
github.com/sastromikus/gophkeeper/internal/client/app/vault.go:244.32,245.38 1 0
github.com/sastromikus/gophkeeper/internal/client/app/vault.go:246.10,247.94 1 0
github.com/sastromikus/gophkeeper/internal/client/app/vault.go:251.40,252.31 1 4
github.com/sastromikus/gophkeeper/internal/client/app/vault.go:253.32,254.16 1 3
github.com/sastromikus/gophkeeper/internal/client/app/vault.go:255.25,256.16 1 1
github.com/sastromikus/gophkeeper/internal/client/app/vault.go:257.27,258.16 1 0
github.com/sastromikus/gophkeeper/internal/client/app/vault.go:259.29,260.16 1 0
github.com/sastromikus/gophkeeper/internal/client/app/vault.go:261.10,262.15 1 0
github.com/sastromikus/gophkeeper/internal/client/app/vault.go:266.37,267.31 1 2
github.com/sastromikus/gophkeeper/internal/client/app/vault.go:268.31,269.20 1 1
github.com/sastromikus/gophkeeper/internal/client/app/vault.go:270.24,271.21 1 1
github.com/sastromikus/gophkeeper/internal/client/app/vault.go:272.26,273.24 1 0
github.com/sastromikus/gophkeeper/internal/client/app/vault.go:274.28,275.20 1 0
github.com/sastromikus/gophkeeper/internal/client/app/vault.go:276.10,277.12 1 0
github.com/sastromikus/gophkeeper/cmd/server/main.go:21.13,25.72 3 0
github.com/sastromikus/gophkeeper/cmd/server/main.go:25.72,28.3 2 0
github.com/sastromikus/gophkeeper/cmd/server/main.go:33.87,34.28 1 2
github.com/sastromikus/gophkeeper/cmd/server/main.go:34.28,35.79 1 1
github.com/sastromikus/gophkeeper/cmd/server/main.go:35.79,37.4 1 0
github.com/sastromikus/gophkeeper/cmd/server/main.go:38.3,38.13 1 1
github.com/sastromikus/gophkeeper/cmd/server/main.go:41.2,42.16 2 1
github.com/sastromikus/gophkeeper/cmd/server/main.go:42.16,43.35 1 0
github.com/sastromikus/gophkeeper/cmd/server/main.go:43.35,45.4 1 0
github.com/sastromikus/gophkeeper/cmd/server/main.go:46.3,46.58 1 0
github.com/sastromikus/gophkeeper/cmd/server/main.go:48.2,48.18 1 1
github.com/sastromikus/gophkeeper/cmd/server/main.go:48.18,50.3 1 0
github.com/sastromikus/gophkeeper/cmd/server/main.go:52.2,52.56 1 1
github.com/sastromikus/gophkeeper/cmd/server/main.go:52.56,54.3 1 0
github.com/sastromikus/gophkeeper/cmd/server/main.go:55.2,55.12 1 1
github.com/sastromikus/gophkeeper/cmd/server/main.go:58.43,59.20 1 2
github.com/sastromikus/gophkeeper/cmd/server/main.go:59.20,61.3 1 1
github.com/sastromikus/gophkeeper/cmd/server/main.go:63.2,63.17 1 1
github.com/sastromikus/gophkeeper/cmd/server/main.go:64.42,65.14 1 1
github.com/sastromikus/gophkeeper/cmd/server/main.go:66.10,67.15 1 0
github.com/sastromikus/gophkeeper/cmd/client/conflict_cli.go:21.67,22.20 1 1
github.com/sastromikus/gophkeeper/cmd/client/conflict_cli.go:22.20,24.3 1 0
github.com/sastromikus/gophkeeper/cmd/client/conflict_cli.go:25.2,26.22 2 1
github.com/sastromikus/gophkeeper/cmd/client/conflict_cli.go:27.19,28.32 1 0
github.com/sastromikus/gophkeeper/cmd/client/conflict_cli.go:29.17,30.20 1 1
github.com/sastromikus/gophkeeper/cmd/client/conflict_cli.go:30.20,32.4 1 0
github.com/sastromikus/gophkeeper/cmd/client/conflict_cli.go:33.3,34.17 2 1
github.com/sastromikus/gophkeeper/cmd/client/conflict_cli.go:34.17,36.4 1 0
github.com/sastromikus/gophkeeper/cmd/client/conflict_cli.go:37.3,38.35 2 1
github.com/sastromikus/gophkeeper/cmd/client/conflict_cli.go:39.54,40.62 1 0
github.com/sastromikus/gophkeeper/cmd/client/conflict_cli.go:41.55,42.63 1 1
github.com/sastromikus/gophkeeper/cmd/client/conflict_cli.go:43.11,44.87 1 0
github.com/sastromikus/gophkeeper/cmd/client/conflict_cli.go:46.3,46.32 1 1
github.com/sastromikus/gophkeeper/cmd/client/conflict_cli.go:47.10,48.84 1 0
github.com/sastromikus/gophkeeper/cmd/client/conflict_cli.go:50.2,50.21 1 1
github.com/sastromikus/gophkeeper/cmd/client/conflict_cli.go:53.114,57.22 3 1
github.com/sastromikus/gophkeeper/cmd/client/conflict_cli.go:58.19,60.17 2 0
github.com/sastromikus/gophkeeper/cmd/client/conflict_cli.go:60.17,62.4 1 0
github.com/sastromikus/gophkeeper/cmd/client/conflict_cli.go:63.3,63.26 1 0
github.com/sastromikus/gophkeeper/cmd/client/conflict_cli.go:63.26,66.4 2 0
github.com/sastromikus/gophkeeper/cmd/client/conflict_cli.go:67.3,67.38 1 0
github.com/sastromikus/gophkeeper/cmd/client/conflict_cli.go:67.38,69.30 2 0
github.com/sastromikus/gophkeeper/cmd/client/conflict_cli.go:69.30,71.5 1 0
github.com/sastromikus/gophkeeper/cmd/client/conflict_cli.go:72.4,72.183 1 0
github.com/sastromikus/gophkeeper/cmd/client/conflict_cli.go:72.183,74.5 1 0
github.com/sastromikus/gophkeeper/cmd/client/conflict_cli.go:76.3,76.13 1 0
github.com/sastromikus/gophkeeper/cmd/client/conflict_cli.go:77.17,78.78 1 1
github.com/sastromikus/gophkeeper/cmd/client/conflict_cli.go:78.78,80.4 1 0
github.com/sastromikus/gophkeeper/cmd/client/conflict_cli.go:81.3,81.66 1 1
github.com/sastromikus/gophkeeper/cmd/client/conflict_cli.go:81.66,84.4 2 0
github.com/sastromikus/gophkeeper/cmd/client/conflict_cli.go:85.3,86.13 2 1
github.com/sastromikus/gophkeeper/cmd/client/conflict_cli.go:87.10,88.69 1 0
github.com/sastromikus/gophkeeper/cmd/client/main.go:29.13,30.52 1 0
github.com/sastromikus/gophkeeper/cmd/client/main.go:30.52,33.3 2 0
github.com/sastromikus/gophkeeper/cmd/client/main.go:36.49,38.2 1 1
github.com/sastromikus/gophkeeper/cmd/client/main.go:40.72,41.28 1 2
github.com/sastromikus/gophkeeper/cmd/client/main.go:41.28,42.79 1 1
github.com/sastromikus/gophkeeper/cmd/client/main.go:42.79,44.4 1 0
github.com/sastromikus/gophkeeper/cmd/client/main.go:45.3,45.13 1 1
github.com/sastromikus/gophkeeper/cmd/client/main.go:47.2,47.20 1 1
github.com/sastromikus/gophkeeper/cmd/client/main.go:47.20,49.3 1 1
github.com/sastromikus/gophkeeper/cmd/client/main.go:50.2,54.17 5 0
github.com/sastromikus/gophkeeper/cmd/client/main.go:55.45,56.24 1 0
github.com/sastromikus/gophkeeper/cmd/client/main.go:57.48,60.17 3 0
github.com/sastromikus/gophkeeper/cmd/client/main.go:60.17,62.4 1 0
github.com/sastromikus/gophkeeper/cmd/client/main.go:63.3,63.35 1 0
github.com/sastromikus/gophkeeper/cmd/client/main.go:64.30,67.17 3 0
github.com/sastromikus/gophkeeper/cmd/client/main.go:67.17,69.4 1 0
github.com/sastromikus/gophkeeper/cmd/client/main.go:70.3,70.38 1 0
github.com/sastromikus/gophkeeper/cmd/client/main.go:71.30,72.28 1 0
github.com/sastromikus/gophkeeper/cmd/client/main.go:73.10,74.51 1 0
github.com/sastromikus/gophkeeper/cmd/client/main.go:77.2,78.16 2 0
github.com/sastromikus/gophkeeper/cmd/client/main.go:78.16,79.35 1 0
github.com/sastromikus/gophkeeper/cmd/client/main.go:79.35,81.4 1 0
github.com/sastromikus/gophkeeper/cmd/client/main.go:82.3,82.58 1 0
github.com/sastromikus/gophkeeper/cmd/client/main.go:85.2,86.16 2 0
github.com/sastromikus/gophkeeper/cmd/client/main.go:86.16,88.3 1 0
github.com/sastromikus/gophkeeper/cmd/client/main.go:89.2,91.17 2 0
github.com/sastromikus/gophkeeper/cmd/client/main.go:92.48,94.17 2 0
github.com/sastromikus/gophkeeper/cmd/client/main.go:94.17,96.4 1 0
github.com/sastromikus/gophkeeper/cmd/client/main.go:97.3,97.16 1 0
github.com/sastromikus/gophkeeper/cmd/client/main.go:97.16,98.50 1 0
github.com/sastromikus/gophkeeper/cmd/client/main.go:98.50,100.5 1 0
github.com/sastromikus/gophkeeper/cmd/client/main.go:102.3,103.17 2 0
github.com/sastromikus/gophkeeper/cmd/client/main.go:103.17,105.4 1 0
github.com/sastromikus/gophkeeper/cmd/client/main.go:106.3,106.68 1 0
github.com/sastromikus/gophkeeper/cmd/client/main.go:107.30,109.17 2 0
github.com/sastromikus/gophkeeper/cmd/client/main.go:109.17,111.4 1 0
github.com/sastromikus/gophkeeper/cmd/client/main.go:112.3,112.16 1 0
github.com/sastromikus/gophkeeper/cmd/client/main.go:112.16,113.50 1 0
github.com/sastromikus/gophkeeper/cmd/client/main.go:113.50,115.5 1 0
github.com/sastromikus/gophkeeper/cmd/client/main.go:117.3,118.17 2 0
github.com/sastromikus/gophkeeper/cmd/client/main.go:118.17,120.4 1 0
github.com/sastromikus/gophkeeper/cmd/client/main.go:121.3,121.70 1 0
github.com/sastromikus/gophkeeper/cmd/client/main.go:124.2,125.16 2 0
github.com/sastromikus/gophkeeper/cmd/client/main.go:125.16,127.3 1 0
github.com/sastromikus/gophkeeper/cmd/client/main.go:128.2,128.15 1 0
github.com/sastromikus/gophkeeper/cmd/client/main.go:128.15,129.50 1 0
github.com/sastromikus/gophkeeper/cmd/client/main.go:129.50,131.4 1 0
github.com/sastromikus/gophkeeper/cmd/client/main.go:134.2,135.16 2 0
github.com/sastromikus/gophkeeper/cmd/client/main.go:135.16,137.3 1 0
github.com/sastromikus/gophkeeper/cmd/client/main.go:139.2,139.17 1 0
github.com/sastromikus/gophkeeper/cmd/client/main.go:140.18,142.17 2 0
github.com/sastromikus/gophkeeper/cmd/client/main.go:142.17,144.4 1 0
github.com/sastromikus/gophkeeper/cmd/client/main.go:145.3,147.68 3 0
github.com/sastromikus/gophkeeper/cmd/client/main.go:147.68,149.4 1 0
github.com/sastromikus/gophkeeper/cmd/client/main.go:150.3,151.13 2 0
github.com/sastromikus/gophkeeper/cmd/client/main.go:152.15,154.17 2 0
github.com/sastromikus/gophkeeper/cmd/client/main.go:154.17,156.4 1 0
github.com/sastromikus/gophkeeper/cmd/client/main.go:157.3,159.65 3 0
github.com/sastromikus/gophkeeper/cmd/client/main.go:159.65,161.4 1 0
github.com/sastromikus/gophkeeper/cmd/client/main.go:162.3,163.13 2 0
github.com/sastromikus/gophkeeper/cmd/client/main.go:164.16,167.49 3 0
github.com/sastromikus/gophkeeper/cmd/client/main.go:167.49,169.4 1 0
github.com/sastromikus/gophkeeper/cmd/client/main.go:170.3,171.13 2 0
github.com/sastromikus/gophkeeper/cmd/client/main.go:172.14,176.17 4 0
github.com/sastromikus/gophkeeper/cmd/client/main.go:176.17,178.4 1 0
github.com/sastromikus/gophkeeper/cmd/client/main.go:179.3,179.16 1 0
github.com/sastromikus/gophkeeper/cmd/client/main.go:179.16,180.50 1 0
github.com/sastromikus/gophkeeper/cmd/client/main.go:180.50,182.5 1 0
github.com/sastromikus/gophkeeper/cmd/client/main.go:184.3,185.17 2 0
github.com/sastromikus/gophkeeper/cmd/client/main.go:185.17,187.4 1 0
github.com/sastromikus/gophkeeper/cmd/client/main.go:188.3,189.17 2 0
github.com/sastromikus/gophkeeper/cmd/client/main.go:189.17,191.4 1 0
github.com/sastromikus/gophkeeper/cmd/client/main.go:192.3,193.13 2 0
github.com/sastromikus/gophkeeper/cmd/client/main.go:196.2,196.12 1 0
github.com/sastromikus/gophkeeper/cmd/client/main.go:199.61,201.2 1 1
github.com/sastromikus/gophkeeper/cmd/client/main.go:203.95,205.61 2 2
github.com/sastromikus/gophkeeper/cmd/client/main.go:205.61,207.3 1 0
github.com/sastromikus/gophkeeper/cmd/client/main.go:208.2,209.43 2 2
github.com/sastromikus/gophkeeper/cmd/client/main.go:209.43,211.3 1 0
github.com/sastromikus/gophkeeper/cmd/client/main.go:212.2,214.16 3 2
github.com/sastromikus/gophkeeper/cmd/client/main.go:214.16,216.3 1 0
github.com/sastromikus/gophkeeper/cmd/client/main.go:217.2,217.13 1 2
github.com/sastromikus/gophkeeper/cmd/client/main.go:217.13,219.17 2 2
github.com/sastromikus/gophkeeper/cmd/client/main.go:219.17,221.4 1 0
github.com/sastromikus/gophkeeper/cmd/client/main.go:222.3,222.27 1 2
github.com/sastromikus/gophkeeper/cmd/client/main.go:222.27,224.4 1 1
github.com/sastromikus/gophkeeper/cmd/client/main.go:226.2,226.29 1 1
github.com/sastromikus/gophkeeper/cmd/client/main.go:229.107,230.58 1 5
github.com/sastromikus/gophkeeper/cmd/client/main.go:230.58,232.3 1 0
github.com/sastromikus/gophkeeper/cmd/client/main.go:233.2,233.73 1 5
github.com/sastromikus/gophkeeper/cmd/client/main.go:233.73,236.17 3 0
github.com/sastromikus/gophkeeper/cmd/client/main.go:236.17,238.4 1 0
github.com/sastromikus/gophkeeper/cmd/client/main.go:239.3,239.28 1 0
github.com/sastromikus/gophkeeper/cmd/client/main.go:241.2,242.43 2 5
github.com/sastromikus/gophkeeper/cmd/client/main.go:242.43,244.3 1 0
github.com/sastromikus/gophkeeper/cmd/client/main.go:245.2,245.46 1 5
github.com/sastromikus/gophkeeper/cmd/client/main.go:248.41,279.2 2 1
github.com/sastromikus/gophkeeper/cmd/client/main.go:281.43,282.20 1 8
github.com/sastromikus/gophkeeper/cmd/client/main.go:282.20,284.3 1 3
github.com/sastromikus/gophkeeper/cmd/client/main.go:285.2,285.17 1 5
github.com/sastromikus/gophkeeper/cmd/client/main.go:286.42,287.14 1 4
github.com/sastromikus/gophkeeper/cmd/client/main.go:288.10,289.15 1 1
github.com/sastromikus/gophkeeper/cmd/client/vault_cli.go:39.61,40.20 1 10
github.com/sastromikus/gophkeeper/cmd/client/vault_cli.go:40.20,42.3 1 0
github.com/sastromikus/gophkeeper/cmd/client/vault_cli.go:43.2,45.22 3 10
github.com/sastromikus/gophkeeper/cmd/client/vault_cli.go:46.13,47.56 1 3
github.com/sastromikus/gophkeeper/cmd/client/vault_cli.go:47.56,49.4 1 1
github.com/sastromikus/gophkeeper/cmd/client/vault_cli.go:50.3,51.17 2 2
github.com/sastromikus/gophkeeper/cmd/client/vault_cli.go:51.17,53.4 1 1
github.com/sastromikus/gophkeeper/cmd/client/vault_cli.go:54.3,55.32 2 1
github.com/sastromikus/gophkeeper/cmd/client/vault_cli.go:56.14,57.28 1 1
github.com/sastromikus/gophkeeper/cmd/client/vault_cli.go:58.13,59.56 1 3
github.com/sastromikus/gophkeeper/cmd/client/vault_cli.go:59.56,61.4 1 1
github.com/sastromikus/gophkeeper/cmd/client/vault_cli.go:62.3,63.17 2 2
github.com/sastromikus/gophkeeper/cmd/client/vault_cli.go:63.17,65.4 1 1
github.com/sastromikus/gophkeeper/cmd/client/vault_cli.go:66.3,68.56 3 1
github.com/sastromikus/gophkeeper/cmd/client/vault_cli.go:68.56,71.4 2 1
github.com/sastromikus/gophkeeper/cmd/client/vault_cli.go:72.3,72.28 1 1
github.com/sastromikus/gophkeeper/cmd/client/vault_cli.go:73.26,74.56 1 2
github.com/sastromikus/gophkeeper/cmd/client/vault_cli.go:74.56,76.4 1 0
github.com/sastromikus/gophkeeper/cmd/client/vault_cli.go:77.3,78.17 2 2
github.com/sastromikus/gophkeeper/cmd/client/vault_cli.go:78.17,80.4 1 0
github.com/sastromikus/gophkeeper/cmd/client/vault_cli.go:81.3,82.32 2 2
github.com/sastromikus/gophkeeper/cmd/client/vault_cli.go:83.10,84.78 1 1
github.com/sastromikus/gophkeeper/cmd/client/vault_cli.go:86.2,86.21 1 5
github.com/sastromikus/gophkeeper/cmd/client/vault_cli.go:89.62,90.32 1 5
github.com/sastromikus/gophkeeper/cmd/client/vault_cli.go:91.21,92.42 1 1
github.com/sastromikus/gophkeeper/cmd/client/vault_cli.go:93.14,94.35 1 0
github.com/sastromikus/gophkeeper/cmd/client/vault_cli.go:95.16,96.37 1 0
github.com/sastromikus/gophkeeper/cmd/client/vault_cli.go:97.40,98.39 1 3
github.com/sastromikus/gophkeeper/cmd/client/vault_cli.go:99.10,100.61 1 1
github.com/sastromikus/gophkeeper/cmd/client/vault_cli.go:104.111,106.22 2 0
github.com/sastromikus/gophkeeper/cmd/client/vault_cli.go:107.13,109.17 2 0
github.com/sastromikus/gophkeeper/cmd/client/vault_cli.go:109.17,111.4 1 0
github.com/sastromikus/gophkeeper/cmd/client/vault_cli.go:112.3,113.17 2 0
github.com/sastromikus/gophkeeper/cmd/client/vault_cli.go:113.17,115.4 1 0
github.com/sastromikus/gophkeeper/cmd/client/vault_cli.go:116.3,119.17 4 0
github.com/sastromikus/gophkeeper/cmd/client/vault_cli.go:119.17,121.4 1 0
github.com/sastromikus/gophkeeper/cmd/client/vault_cli.go:122.3,123.13 2 0
github.com/sastromikus/gophkeeper/cmd/client/vault_cli.go:124.14,126.17 2 0
github.com/sastromikus/gophkeeper/cmd/client/vault_cli.go:126.17,128.4 1 0
github.com/sastromikus/gophkeeper/cmd/client/vault_cli.go:129.3,132.17 4 0
github.com/sastromikus/gophkeeper/cmd/client/vault_cli.go:132.17,134.4 1 0
github.com/sastromikus/gophkeeper/cmd/client/vault_cli.go:135.3,135.24 1 0
github.com/sastromikus/gophkeeper/cmd/client/vault_cli.go:135.24,138.4 2 0
github.com/sastromikus/gophkeeper/cmd/client/vault_cli.go:139.3,139.34 1 0
github.com/sastromikus/gophkeeper/cmd/client/vault_cli.go:139.34,140.147 1 0
github.com/sastromikus/gophkeeper/cmd/client/vault_cli.go:140.147,142.5 1 0
github.com/sastromikus/gophkeeper/cmd/client/vault_cli.go:144.3,144.13 1 0
github.com/sastromikus/gophkeeper/cmd/client/vault_cli.go:145.13,147.17 2 0
github.com/sastromikus/gophkeeper/cmd/client/vault_cli.go:147.17,149.4 1 0
github.com/sastromikus/gophkeeper/cmd/client/vault_cli.go:150.3,153.17 4 0
github.com/sastromikus/gophkeeper/cmd/client/vault_cli.go:153.17,155.4 1 0
github.com/sastromikus/gophkeeper/cmd/client/vault_cli.go:156.3,156.57 1 0
github.com/sastromikus/gophkeeper/cmd/client/vault_cli.go:157.16,159.17 2 0
github.com/sastromikus/gophkeeper/cmd/client/vault_cli.go:159.17,161.4 1 0
github.com/sastromikus/gophkeeper/cmd/client/vault_cli.go:162.3,165.17 4 0
github.com/sastromikus/gophkeeper/cmd/client/vault_cli.go:165.17,167.4 1 0
github.com/sastromikus/gophkeeper/cmd/client/vault_cli.go:168.3,169.17 2 0
github.com/sastromikus/gophkeeper/cmd/client/vault_cli.go:169.17,171.4 1 0
github.com/sastromikus/gophkeeper/cmd/client/vault_cli.go:172.3,175.17 4 0
github.com/sastromikus/gophkeeper/cmd/client/vault_cli.go:175.17,177.4 1 0
github.com/sastromikus/gophkeeper/cmd/client/vault_cli.go:178.3,179.13 2 0
github.com/sastromikus/gophkeeper/cmd/client/vault_cli.go:180.16,183.57 3 0
github.com/sastromikus/gophkeeper/cmd/client/vault_cli.go:183.57,185.4 1 0
github.com/sastromikus/gophkeeper/cmd/client/vault_cli.go:186.3,187.13 2 0
github.com/sastromikus/gophkeeper/cmd/client/vault_cli.go:188.10,189.66 1 0
github.com/sastromikus/gophkeeper/cmd/client/vault_cli.go:193.143,196.20 3 1
github.com/sastromikus/gophkeeper/cmd/client/vault_cli.go:197.35,199.71 2 1
github.com/sastromikus/gophkeeper/cmd/client/vault_cli.go:199.71,201.4 1 0
github.com/sastromikus/gophkeeper/cmd/client/vault_cli.go:202.3,202.73 1 1
github.com/sastromikus/gophkeeper/cmd/client/vault_cli.go:202.73,204.4 1 0
github.com/sastromikus/gophkeeper/cmd/client/vault_cli.go:205.3,205.97 1 1
github.com/sastromikus/gophkeeper/cmd/client/vault_cli.go:205.97,207.4 1 0
github.com/sastromikus/gophkeeper/cmd/client/vault_cli.go:208.3,208.18 1 1
github.com/sastromikus/gophkeeper/cmd/client/vault_cli.go:209.28,211.73 2 0
github.com/sastromikus/gophkeeper/cmd/client/vault_cli.go:211.73,213.4 1 0
github.com/sastromikus/gophkeeper/cmd/client/vault_cli.go:214.3,214.107 1 0
github.com/sastromikus/gophkeeper/cmd/client/vault_cli.go:214.107,216.4 1 0
github.com/sastromikus/gophkeeper/cmd/client/vault_cli.go:217.3,217.18 1 0
github.com/sastromikus/gophkeeper/cmd/client/vault_cli.go:218.30,220.21 2 0
github.com/sastromikus/gophkeeper/cmd/client/vault_cli.go:220.21,222.4 1 0
github.com/sastromikus/gophkeeper/cmd/client/vault_cli.go:223.3,224.21 2 0
github.com/sastromikus/gophkeeper/cmd/client/vault_cli.go:224.21,226.4 1 0
github.com/sastromikus/gophkeeper/cmd/client/vault_cli.go:227.3,227.31 1 0
github.com/sastromikus/gophkeeper/cmd/client/vault_cli.go:227.31,229.4 1 0
github.com/sastromikus/gophkeeper/cmd/client/vault_cli.go:230.3,230.35 1 0
github.com/sastromikus/gophkeeper/cmd/client/vault_cli.go:230.35,232.4 1 0
github.com/sastromikus/gophkeeper/cmd/client/vault_cli.go:233.3,234.21 2 0
github.com/sastromikus/gophkeeper/cmd/client/vault_cli.go:234.21,236.4 1 0
github.com/sastromikus/gophkeeper/cmd/client/vault_cli.go:237.3,238.21 2 0
github.com/sastromikus/gophkeeper/cmd/client/vault_cli.go:238.21,240.4 1 0
github.com/sastromikus/gophkeeper/cmd/client/vault_cli.go:241.3,241.94 1 0
github.com/sastromikus/gophkeeper/cmd/client/vault_cli.go:242.32,244.71 2 0
github.com/sastromikus/gophkeeper/cmd/client/vault_cli.go:244.71,246.4 1 0
github.com/sastromikus/gophkeeper/cmd/client/vault_cli.go:247.3,247.91 1 0
github.com/sastromikus/gophkeeper/cmd/client/vault_cli.go:247.91,249.4 1 0
github.com/sastromikus/gophkeeper/cmd/client/vault_cli.go:250.3,250.80 1 0
github.com/sastromikus/gophkeeper/cmd/client/vault_cli.go:250.80,252.4 1 0
github.com/sastromikus/gophkeeper/cmd/client/vault_cli.go:253.3,253.87 1 0
github.com/sastromikus/gophkeeper/cmd/client/vault_cli.go:253.87,255.4 1 0
github.com/sastromikus/gophkeeper/cmd/client/vault_cli.go:256.3,256.80 1 0
github.com/sastromikus/gophkeeper/cmd/client/vault_cli.go:256.80,258.4 1 0
github.com/sastromikus/gophkeeper/cmd/client/vault_cli.go:259.3,259.18 1 0
github.com/sastromikus/gophkeeper/cmd/client/vault_cli.go:260.10,261.91 1 0
github.com/sastromikus/gophkeeper/cmd/client/vault_cli.go:263.2,264.16 2 1
github.com/sastromikus/gophkeeper/cmd/client/vault_cli.go:264.16,266.3 1 0
github.com/sastromikus/gophkeeper/cmd/client/vault_cli.go:267.2,267.63 1 1
github.com/sastromikus/gophkeeper/cmd/client/vault_cli.go:270.91,271.58 1 1
github.com/sastromikus/gophkeeper/cmd/client/vault_cli.go:271.58,273.3 1 0
github.com/sastromikus/gophkeeper/cmd/client/vault_cli.go:274.2,275.6 2 1
github.com/sastromikus/gophkeeper/cmd/client/vault_cli.go:275.6,277.44 2 3
github.com/sastromikus/gophkeeper/cmd/client/vault_cli.go:277.44,279.4 1 0
github.com/sastromikus/gophkeeper/cmd/client/vault_cli.go:280.3,281.18 2 3
github.com/sastromikus/gophkeeper/cmd/client/vault_cli.go:281.18,282.9 1 1
github.com/sastromikus/gophkeeper/cmd/client/vault_cli.go:284.3,285.29 2 2
github.com/sastromikus/gophkeeper/cmd/client/vault_cli.go:285.29,286.9 1 0
github.com/sastromikus/gophkeeper/cmd/client/vault_cli.go:289.2,289.39 1 1
github.com/sastromikus/gophkeeper/cmd/client/vault_cli.go:292.86,293.58 1 3
github.com/sastromikus/gophkeeper/cmd/client/vault_cli.go:293.58,295.3 1 0
github.com/sastromikus/gophkeeper/cmd/client/vault_cli.go:296.2,297.43 2 3
github.com/sastromikus/gophkeeper/cmd/client/vault_cli.go:297.43,299.3 1 0
github.com/sastromikus/gophkeeper/cmd/client/vault_cli.go:300.2,300.46 1 3
github.com/sastromikus/gophkeeper/cmd/client/vault_cli.go:303.90,304.122 1 2
github.com/sastromikus/gophkeeper/cmd/client/vault_cli.go:304.122,306.3 1 0
github.com/sastromikus/gophkeeper/cmd/client/vault_cli.go:307.2,307.42 1 2
github.com/sastromikus/gophkeeper/cmd/client/vault_cli.go:308.31,309.134 1 0
github.com/sastromikus/gophkeeper/cmd/client/vault_cli.go:309.134,311.4 1 0
github.com/sastromikus/gophkeeper/cmd/client/vault_cli.go:312.24,313.102 1 0
github.com/sastromikus/gophkeeper/cmd/client/vault_cli.go:313.102,315.4 1 0
github.com/sastromikus/gophkeeper/cmd/client/vault_cli.go:316.26,317.152 1 2
github.com/sastromikus/gophkeeper/cmd/client/vault_cli.go:317.152,319.4 1 0
github.com/sastromikus/gophkeeper/cmd/client/vault_cli.go:320.3,320.23 1 2
github.com/sastromikus/gophkeeper/cmd/client/vault_cli.go:320.23,321.68 1 2
github.com/sastromikus/gophkeeper/cmd/client/vault_cli.go:321.68,323.5 1 1
github.com/sastromikus/gophkeeper/cmd/client/vault_cli.go:324.4,324.79 1 1
github.com/sastromikus/gophkeeper/cmd/client/vault_cli.go:324.79,326.5 1 0
github.com/sastromikus/gophkeeper/cmd/client/vault_cli.go:328.28,329.186 1 0
github.com/sastromikus/gophkeeper/cmd/client/vault_cli.go:329.186,331.4 1 0
github.com/sastromikus/gophkeeper/cmd/client/vault_cli.go:332.10,333.77 1 0
github.com/sastromikus/gophkeeper/cmd/client/vault_cli.go:335.2,335.32 1 1
github.com/sastromikus/gophkeeper/cmd/client/vault_cli.go:335.32,336.88 1 0
github.com/sastromikus/gophkeeper/cmd/client/vault_cli.go:336.88,338.4 1 0
github.com/sastromikus/gophkeeper/cmd/client/vault_cli.go:340.2,340.12 1 1
github.com/sastromikus/gophkeeper/cmd/client/vault_cli.go:343.54,344.35 1 2
github.com/sastromikus/gophkeeper/cmd/client/vault_cli.go:344.35,346.3 1 0
github.com/sastromikus/gophkeeper/cmd/client/vault_cli.go:347.2,348.16 2 2
github.com/sastromikus/gophkeeper/cmd/client/vault_cli.go:348.16,350.3 1 1
github.com/sastromikus/gophkeeper/cmd/client/vault_cli.go:351.2,351.44 1 1
github.com/sastromikus/gophkeeper/cmd/client/vault_cli.go:351.44,355.3 3 0
github.com/sastromikus/gophkeeper/cmd/client/vault_cli.go:356.2,356.37 1 1
github.com/sastromikus/gophkeeper/cmd/client/vault_cli.go:356.37,359.3 2 0
github.com/sastromikus/gophkeeper/cmd/client/vault_cli.go:360.2,360.12 1 1
github.com/sastromikus/gophkeeper/internal/server/app/app.go:25.77,26.16 1 0
github.com/sastromikus/gophkeeper/internal/server/app/app.go:26.16,28.3 1 0
github.com/sastromikus/gophkeeper/internal/server/app/app.go:29.2,29.19 1 0
github.com/sastromikus/gophkeeper/internal/server/app/app.go:29.19,31.3 1 0
github.com/sastromikus/gophkeeper/internal/server/app/app.go:32.2,32.39 1 0
github.com/sastromikus/gophkeeper/internal/server/app/app.go:32.39,34.3 1 0
github.com/sastromikus/gophkeeper/internal/server/app/app.go:36.2,36.63 1 0
github.com/sastromikus/gophkeeper/internal/server/app/app.go:36.63,38.3 1 0
github.com/sastromikus/gophkeeper/internal/server/app/app.go:39.2,40.16 2 0
github.com/sastromikus/gophkeeper/internal/server/app/app.go:40.16,42.3 1 0
github.com/sastromikus/gophkeeper/internal/server/app/app.go:43.2,46.16 3 0
github.com/sastromikus/gophkeeper/internal/server/app/app.go:46.16,48.3 1 0
github.com/sastromikus/gophkeeper/internal/server/app/app.go:50.2,51.16 2 0
github.com/sastromikus/gophkeeper/internal/server/app/app.go:51.16,53.3 1 0
github.com/sastromikus/gophkeeper/internal/server/app/app.go:54.2,54.15 1 0
github.com/sastromikus/gophkeeper/internal/server/app/app.go:54.15,55.91 1 0
github.com/sastromikus/gophkeeper/internal/server/app/app.go:55.91,57.4 1 0
github.com/sastromikus/gophkeeper/internal/server/app/app.go:60.2,61.12 2 0
github.com/sastromikus/gophkeeper/internal/server/app/app.go:61.12,63.3 1 0
github.com/sastromikus/gophkeeper/internal/server/app/app.go:65.2,67.9 2 0
github.com/sastromikus/gophkeeper/internal/server/app/app.go:68.25,69.58 1 0
github.com/sastromikus/gophkeeper/internal/server/app/app.go:69.58,71.4 1 0
github.com/sastromikus/gophkeeper/internal/server/app/app.go:72.3,72.43 1 0
github.com/sastromikus/gophkeeper/internal/server/app/app.go:73.20,73.20 0 0
github.com/sastromikus/gophkeeper/internal/server/app/app.go:76.2,80.12 4 0
github.com/sastromikus/gophkeeper/internal/server/app/app.go:80.12,83.3 2 0
github.com/sastromikus/gophkeeper/internal/server/app/app.go:85.2,85.9 1 0
github.com/sastromikus/gophkeeper/internal/server/app/app.go:86.17,86.17 0 0
github.com/sastromikus/gophkeeper/internal/server/app/app.go:87.28,90.12 3 0
github.com/sastromikus/gophkeeper/internal/server/app/app.go:93.2,94.58 2 0
github.com/sastromikus/gophkeeper/internal/server/app/app.go:94.58,96.3 1 0
github.com/sastromikus/gophkeeper/internal/server/app/app.go:97.2,97.12 1 0
github.com/sastromikus/gophkeeper/internal/server/app/app.go:100.113,101.19 1 0
github.com/sastromikus/gophkeeper/internal/server/app/app.go:101.19,103.3 1 0
github.com/sastromikus/gophkeeper/internal/server/app/app.go:104.2,104.47 1 0
github.com/sastromikus/gophkeeper/internal/server/app/app.go:104.47,106.3 1 0
github.com/sastromikus/gophkeeper/internal/server/app/app.go:107.2,118.16 10 0
github.com/sastromikus/gophkeeper/internal/server/app/app.go:118.16,120.3 1 0
github.com/sastromikus/gophkeeper/internal/server/app/app.go:121.2,122.16 2 0
github.com/sastromikus/gophkeeper/internal/server/app/app.go:122.16,124.3 1 0
github.com/sastromikus/gophkeeper/internal/server/app/app.go:125.2,129.16 2 0
github.com/sastromikus/gophkeeper/internal/server/app/app.go:129.16,131.3 1 0
github.com/sastromikus/gophkeeper/internal/server/app/app.go:133.2,134.16 2 0
github.com/sastromikus/gophkeeper/internal/server/app/app.go:134.16,136.3 1 0
github.com/sastromikus/gophkeeper/internal/server/app/app.go:138.2,139.16 2 0
github.com/sastromikus/gophkeeper/internal/server/app/app.go:139.16,141.3 1 0
github.com/sastromikus/gophkeeper/internal/server/app/app.go:142.2,153.19 2 0
github.com/sastromikus/gophkeeper/internal/server/app/app.go:153.19,155.17 2 0
github.com/sastromikus/gophkeeper/internal/server/app/app.go:155.17,157.4 1 0
github.com/sastromikus/gophkeeper/internal/server/app/app.go:158.3,162.62 2 0
github.com/sastromikus/gophkeeper/internal/server/app/app.go:165.2,168.20 4 0
github.com/sastromikus/gophkeeper/internal/server/app/app.go:171.61,175.86 3 2
github.com/sastromikus/gophkeeper/internal/server/app/app.go:175.86,177.3 1 1
github.com/sastromikus/gophkeeper/internal/server/app/app.go:178.2,178.96 1 1
github.com/sastromikus/gophkeeper/internal/server/storage/postgres/database.go:16.63,18.16 2 0
github.com/sastromikus/gophkeeper/internal/server/storage/postgres/database.go:18.16,20.3 1 0
github.com/sastromikus/gophkeeper/internal/server/storage/postgres/database.go:22.2,23.16 2 0
github.com/sastromikus/gophkeeper/internal/server/storage/postgres/database.go:23.16,25.3 1 0
github.com/sastromikus/gophkeeper/internal/server/storage/postgres/database.go:27.2,27.39 1 0
github.com/sastromikus/gophkeeper/internal/server/storage/postgres/database.go:27.39,30.3 2 0
github.com/sastromikus/gophkeeper/internal/server/storage/postgres/database.go:32.2,32.35 1 0
github.com/sastromikus/gophkeeper/internal/server/storage/postgres/database.go:36.29,37.33 1 0
github.com/sastromikus/gophkeeper/internal/server/storage/postgres/database.go:37.33,39.3 1 0
github.com/sastromikus/gophkeeper/internal/server/storage/postgres/database.go:40.2,40.17 1 0
github.com/sastromikus/gophkeeper/internal/server/storage/postgres/database.go:44.42,45.15 1 0
github.com/sastromikus/gophkeeper/internal/server/storage/postgres/database.go:45.15,47.3 1 0
github.com/sastromikus/gophkeeper/internal/server/storage/postgres/database.go:48.2,48.16 1 0
github.com/sastromikus/gophkeeper/internal/server/storage/postgres/errors.go:13.35,14.35 1 0
github.com/sastromikus/gophkeeper/internal/server/storage/postgres/errors.go:14.35,16.3 1 0
github.com/sastromikus/gophkeeper/internal/server/storage/postgres/errors.go:17.2,17.12 1 0
github.com/sastromikus/gophkeeper/internal/server/storage/postgres/errors.go:20.40,23.2 2 0
github.com/sastromikus/gophkeeper/internal/server/storage/postgres/migrate.go:22.65,27.16 4 0
github.com/sastromikus/gophkeeper/internal/server/storage/postgres/migrate.go:27.16,29.3 1 0
github.com/sastromikus/gophkeeper/internal/server/storage/postgres/migrate.go:30.2,30.15 1 0
github.com/sastromikus/gophkeeper/internal/server/storage/postgres/migrate.go:30.15,31.56 1 0
github.com/sastromikus/gophkeeper/internal/server/storage/postgres/migrate.go:31.56,33.4 1 0
github.com/sastromikus/gophkeeper/internal/server/storage/postgres/migrate.go:36.2,36.44 1 0
github.com/sastromikus/gophkeeper/internal/server/storage/postgres/migrate.go:36.44,38.3 1 0
github.com/sastromikus/gophkeeper/internal/server/storage/postgres/migrate.go:40.2,42.53 3 0
github.com/sastromikus/gophkeeper/internal/server/storage/postgres/migrate.go:42.53,44.3 1 0
github.com/sastromikus/gophkeeper/internal/server/storage/postgres/migrate.go:45.2,45.63 1 0
github.com/sastromikus/gophkeeper/internal/server/storage/postgres/migrate.go:45.63,47.3 1 0
github.com/sastromikus/gophkeeper/internal/server/storage/postgres/migrate.go:48.2,48.12 1 0
github.com/sastromikus/gophkeeper/internal/server/storage/postgres/record_repository.go:21.64,23.2 1 0
github.com/sastromikus/gophkeeper/internal/server/storage/postgres/record_repository.go:26.108,40.16 2 0
github.com/sastromikus/gophkeeper/internal/server/storage/postgres/record_repository.go:40.16,41.29 1 0
github.com/sastromikus/gophkeeper/internal/server/storage/postgres/record_repository.go:41.29,43.4 1 0
github.com/sastromikus/gophkeeper/internal/server/storage/postgres/record_repository.go:44.3,44.62 1 0
github.com/sastromikus/gophkeeper/internal/server/storage/postgres/record_repository.go:46.2,46.21 1 0
github.com/sastromikus/gophkeeper/internal/server/storage/postgres/record_repository.go:50.111,56.16 2 0
github.com/sastromikus/gophkeeper/internal/server/storage/postgres/record_repository.go:56.16,57.71 1 0
github.com/sastromikus/gophkeeper/internal/server/storage/postgres/record_repository.go:57.71,59.4 1 0
github.com/sastromikus/gophkeeper/internal/server/storage/postgres/record_repository.go:60.3,60.62 1 0
github.com/sastromikus/gophkeeper/internal/server/storage/postgres/record_repository.go:62.2,62.20 1 0
github.com/sastromikus/gophkeeper/internal/server/storage/postgres/record_repository.go:66.135,67.16 1 0
github.com/sastromikus/gophkeeper/internal/server/storage/postgres/record_repository.go:67.16,69.3 1 0
github.com/sastromikus/gophkeeper/internal/server/storage/postgres/record_repository.go:71.2,80.16 2 0
github.com/sastromikus/gophkeeper/internal/server/storage/postgres/record_repository.go:80.16,82.3 1 0
github.com/sastromikus/gophkeeper/internal/server/storage/postgres/record_repository.go:83.2,86.18 3 0
github.com/sastromikus/gophkeeper/internal/server/storage/postgres/record_repository.go:86.18,88.21 2 0
github.com/sastromikus/gophkeeper/internal/server/storage/postgres/record_repository.go:88.21,90.4 1 0
github.com/sastromikus/gophkeeper/internal/server/storage/postgres/record_repository.go:91.3,91.36 1 0
github.com/sastromikus/gophkeeper/internal/server/storage/postgres/record_repository.go:93.2,93.35 1 0
github.com/sastromikus/gophkeeper/internal/server/storage/postgres/record_repository.go:93.35,95.3 1 0
github.com/sastromikus/gophkeeper/internal/server/storage/postgres/record_repository.go:96.2,96.21 1 0
github.com/sastromikus/gophkeeper/internal/server/storage/postgres/record_repository.go:100.150,101.23 1 0
github.com/sastromikus/gophkeeper/internal/server/storage/postgres/record_repository.go:101.23,103.3 1 0
github.com/sastromikus/gophkeeper/internal/server/storage/postgres/record_repository.go:104.2,104.16 1 0
github.com/sastromikus/gophkeeper/internal/server/storage/postgres/record_repository.go:104.16,106.3 1 0
github.com/sastromikus/gophkeeper/internal/server/storage/postgres/record_repository.go:108.2,115.16 2 0
github.com/sastromikus/gophkeeper/internal/server/storage/postgres/record_repository.go:115.16,117.3 1 0
github.com/sastromikus/gophkeeper/internal/server/storage/postgres/record_repository.go:118.2,121.18 3 0
github.com/sastromikus/gophkeeper/internal/server/storage/postgres/record_repository.go:121.18,123.21 2 0
github.com/sastromikus/gophkeeper/internal/server/storage/postgres/record_repository.go:123.21,125.4 1 0
github.com/sastromikus/gophkeeper/internal/server/storage/postgres/record_repository.go:126.3,126.36 1 0
github.com/sastromikus/gophkeeper/internal/server/storage/postgres/record_repository.go:128.2,128.35 1 0
github.com/sastromikus/gophkeeper/internal/server/storage/postgres/record_repository.go:128.35,130.3 1 0
github.com/sastromikus/gophkeeper/internal/server/storage/postgres/record_repository.go:131.2,131.21 1 0
github.com/sastromikus/gophkeeper/internal/server/storage/postgres/record_repository.go:135.131,136.25 1 0
github.com/sastromikus/gophkeeper/internal/server/storage/postgres/record_repository.go:136.25,138.3 1 0
github.com/sastromikus/gophkeeper/internal/server/storage/postgres/record_repository.go:140.2,141.16 2 0
github.com/sastromikus/gophkeeper/internal/server/storage/postgres/record_repository.go:141.16,143.3 1 0
github.com/sastromikus/gophkeeper/internal/server/storage/postgres/record_repository.go:144.2,144.15 1 0
github.com/sastromikus/gophkeeper/internal/server/storage/postgres/record_repository.go:144.15,144.39 1 0
github.com/sastromikus/gophkeeper/internal/server/storage/postgres/record_repository.go:146.2,155.16 5 0
github.com/sastromikus/gophkeeper/internal/server/storage/postgres/record_repository.go:155.16,156.36 1 0
github.com/sastromikus/gophkeeper/internal/server/storage/postgres/record_repository.go:156.36,158.4 1 0
github.com/sastromikus/gophkeeper/internal/server/storage/postgres/record_repository.go:159.3,159.71 1 0
github.com/sastromikus/gophkeeper/internal/server/storage/postgres/record_repository.go:161.2,161.13 1 0
github.com/sastromikus/gophkeeper/internal/server/storage/postgres/record_repository.go:161.13,163.3 1 0
github.com/sastromikus/gophkeeper/internal/server/storage/postgres/record_repository.go:164.2,164.39 1 0
github.com/sastromikus/gophkeeper/internal/server/storage/postgres/record_repository.go:164.39,166.3 1 0
github.com/sastromikus/gophkeeper/internal/server/storage/postgres/record_repository.go:167.2,167.32 1 0
github.com/sastromikus/gophkeeper/internal/server/storage/postgres/record_repository.go:167.32,169.3 1 0
github.com/sastromikus/gophkeeper/internal/server/storage/postgres/record_repository.go:171.2,188.16 2 0
github.com/sastromikus/gophkeeper/internal/server/storage/postgres/record_repository.go:188.16,190.3 1 0
github.com/sastromikus/gophkeeper/internal/server/storage/postgres/record_repository.go:191.2,191.39 1 0
github.com/sastromikus/gophkeeper/internal/server/storage/postgres/record_repository.go:191.39,193.3 1 0
github.com/sastromikus/gophkeeper/internal/server/storage/postgres/record_repository.go:194.2,194.21 1 0
github.com/sastromikus/gophkeeper/internal/server/storage/postgres/record_repository.go:198.137,199.25 1 0
github.com/sastromikus/gophkeeper/internal/server/storage/postgres/record_repository.go:199.25,201.3 1 0
github.com/sastromikus/gophkeeper/internal/server/storage/postgres/record_repository.go:203.2,204.16 2 0
github.com/sastromikus/gophkeeper/internal/server/storage/postgres/record_repository.go:204.16,206.3 1 0
github.com/sastromikus/gophkeeper/internal/server/storage/postgres/record_repository.go:207.2,207.15 1 0
github.com/sastromikus/gophkeeper/internal/server/storage/postgres/record_repository.go:207.15,207.39 1 0
github.com/sastromikus/gophkeeper/internal/server/storage/postgres/record_repository.go:209.2,217.16 4 0
github.com/sastromikus/gophkeeper/internal/server/storage/postgres/record_repository.go:217.16,218.36 1 0
github.com/sastromikus/gophkeeper/internal/server/storage/postgres/record_repository.go:218.36,220.4 1 0
github.com/sastromikus/gophkeeper/internal/server/storage/postgres/record_repository.go:221.3,221.73 1 0
github.com/sastromikus/gophkeeper/internal/server/storage/postgres/record_repository.go:223.2,223.13 1 0
github.com/sastromikus/gophkeeper/internal/server/storage/postgres/record_repository.go:223.13,225.3 1 0
github.com/sastromikus/gophkeeper/internal/server/storage/postgres/record_repository.go:226.2,226.39 1 0
github.com/sastromikus/gophkeeper/internal/server/storage/postgres/record_repository.go:226.39,228.3 1 0
github.com/sastromikus/gophkeeper/internal/server/storage/postgres/record_repository.go:230.2,244.16 2 0
github.com/sastromikus/gophkeeper/internal/server/storage/postgres/record_repository.go:244.16,246.3 1 0
github.com/sastromikus/gophkeeper/internal/server/storage/postgres/record_repository.go:247.2,247.39 1 0
github.com/sastromikus/gophkeeper/internal/server/storage/postgres/record_repository.go:247.39,249.3 1 0
github.com/sastromikus/gophkeeper/internal/server/storage/postgres/record_repository.go:250.2,250.23 1 0
github.com/sastromikus/gophkeeper/internal/server/storage/postgres/registration_repository.go:17.76,19.2 1 0
github.com/sastromikus/gophkeeper/internal/server/storage/postgres/registration_repository.go:22.131,23.40 1 0
github.com/sastromikus/gophkeeper/internal/server/storage/postgres/registration_repository.go:23.40,25.3 1 0
github.com/sastromikus/gophkeeper/internal/server/storage/postgres/registration_repository.go:26.2,26.43 1 0
github.com/sastromikus/gophkeeper/internal/server/storage/postgres/registration_repository.go:26.43,28.3 1 0
github.com/sastromikus/gophkeeper/internal/server/storage/postgres/registration_repository.go:29.2,29.31 1 0
github.com/sastromikus/gophkeeper/internal/server/storage/postgres/registration_repository.go:29.31,31.3 1 0
github.com/sastromikus/gophkeeper/internal/server/storage/postgres/registration_repository.go:33.2,34.16 2 0
github.com/sastromikus/gophkeeper/internal/server/storage/postgres/registration_repository.go:34.16,36.3 1 0
github.com/sastromikus/gophkeeper/internal/server/storage/postgres/registration_repository.go:37.2,37.15 1 0
github.com/sastromikus/gophkeeper/internal/server/storage/postgres/registration_repository.go:37.15,37.39 1 0
github.com/sastromikus/gophkeeper/internal/server/storage/postgres/registration_repository.go:39.2,48.16 2 0
github.com/sastromikus/gophkeeper/internal/server/storage/postgres/registration_repository.go:48.16,49.29 1 0
github.com/sastromikus/gophkeeper/internal/server/storage/postgres/registration_repository.go:49.29,51.4 1 0
github.com/sastromikus/gophkeeper/internal/server/storage/postgres/registration_repository.go:52.3,52.55 1 0
github.com/sastromikus/gophkeeper/internal/server/storage/postgres/registration_repository.go:55.2,62.16 2 0
github.com/sastromikus/gophkeeper/internal/server/storage/postgres/registration_repository.go:62.16,63.29 1 0
github.com/sastromikus/gophkeeper/internal/server/storage/postgres/registration_repository.go:63.29,65.4 1 0
github.com/sastromikus/gophkeeper/internal/server/storage/postgres/registration_repository.go:66.3,66.55 1 0
github.com/sastromikus/gophkeeper/internal/server/storage/postgres/registration_repository.go:69.2,69.39 1 0
github.com/sastromikus/gophkeeper/internal/server/storage/postgres/registration_repository.go:69.39,71.3 1 0
github.com/sastromikus/gophkeeper/internal/server/storage/postgres/registration_repository.go:72.2,72.12 1 0
github.com/sastromikus/gophkeeper/internal/server/storage/postgres/scan.go:13.48,25.16 3 0
github.com/sastromikus/gophkeeper/internal/server/storage/postgres/scan.go:25.16,27.3 1 0
github.com/sastromikus/gophkeeper/internal/server/storage/postgres/scan.go:28.2,29.16 2 0
github.com/sastromikus/gophkeeper/internal/server/storage/postgres/scan.go:29.16,31.3 1 0
github.com/sastromikus/gophkeeper/internal/server/storage/postgres/scan.go:32.2,33.18 2 0
github.com/sastromikus/gophkeeper/internal/server/storage/postgres/scan.go:36.54,46.16 3 0
github.com/sastromikus/gophkeeper/internal/server/storage/postgres/scan.go:46.16,48.3 1 0
github.com/sastromikus/gophkeeper/internal/server/storage/postgres/scan.go:49.2,50.16 2 0
github.com/sastromikus/gophkeeper/internal/server/storage/postgres/scan.go:50.16,52.3 1 0
github.com/sastromikus/gophkeeper/internal/server/storage/postgres/scan.go:53.2,54.16 2 0
github.com/sastromikus/gophkeeper/internal/server/storage/postgres/scan.go:54.16,56.3 1 0
github.com/sastromikus/gophkeeper/internal/server/storage/postgres/scan.go:57.2,59.21 3 0
github.com/sastromikus/gophkeeper/internal/server/storage/postgres/scan.go:62.52,79.16 3 0
github.com/sastromikus/gophkeeper/internal/server/storage/postgres/scan.go:79.16,81.3 1 0
github.com/sastromikus/gophkeeper/internal/server/storage/postgres/scan.go:82.2,83.16 2 0
github.com/sastromikus/gophkeeper/internal/server/storage/postgres/scan.go:83.16,85.3 1 0
github.com/sastromikus/gophkeeper/internal/server/storage/postgres/scan.go:86.2,87.16 2 0
github.com/sastromikus/gophkeeper/internal/server/storage/postgres/scan.go:87.16,89.3 1 0
github.com/sastromikus/gophkeeper/internal/server/storage/postgres/scan.go:90.2,93.20 4 0
github.com/sastromikus/gophkeeper/internal/server/storage/postgres/session_repository.go:21.66,23.2 1 0
github.com/sastromikus/gophkeeper/internal/server/storage/postgres/session_repository.go:26.95,27.43 1 0
github.com/sastromikus/gophkeeper/internal/server/storage/postgres/session_repository.go:27.43,29.3 1 0
github.com/sastromikus/gophkeeper/internal/server/storage/postgres/session_repository.go:30.2,37.16 2 0
github.com/sastromikus/gophkeeper/internal/server/storage/postgres/session_repository.go:37.16,38.29 1 0
github.com/sastromikus/gophkeeper/internal/server/storage/postgres/session_repository.go:38.29,40.4 1 0
github.com/sastromikus/gophkeeper/internal/server/storage/postgres/session_repository.go:41.3,41.47 1 0
github.com/sastromikus/gophkeeper/internal/server/storage/postgres/session_repository.go:43.2,43.12 1 0
github.com/sastromikus/gophkeeper/internal/server/storage/postgres/session_repository.go:47.115,51.16 2 0
github.com/sastromikus/gophkeeper/internal/server/storage/postgres/session_repository.go:51.16,52.71 1 0
github.com/sastromikus/gophkeeper/internal/server/storage/postgres/session_repository.go:52.71,54.4 1 0
github.com/sastromikus/gophkeeper/internal/server/storage/postgres/session_repository.go:55.3,55.78 1 0
github.com/sastromikus/gophkeeper/internal/server/storage/postgres/session_repository.go:57.2,57.21 1 0
github.com/sastromikus/gophkeeper/internal/server/storage/postgres/session_repository.go:61.106,67.16 2 0
github.com/sastromikus/gophkeeper/internal/server/storage/postgres/session_repository.go:67.16,69.3 1 0
github.com/sastromikus/gophkeeper/internal/server/storage/postgres/session_repository.go:70.2,70.33 1 0
github.com/sastromikus/gophkeeper/internal/server/storage/postgres/session_repository.go:70.33,72.3 1 0
github.com/sastromikus/gophkeeper/internal/server/storage/postgres/session_repository.go:73.2,73.12 1 0
github.com/sastromikus/gophkeeper/internal/server/storage/postgres/user_repository.go:20.60,22.2 1 0
github.com/sastromikus/gophkeeper/internal/server/storage/postgres/user_repository.go:25.86,26.40 1 0
github.com/sastromikus/gophkeeper/internal/server/storage/postgres/user_repository.go:26.40,28.3 1 0
github.com/sastromikus/gophkeeper/internal/server/storage/postgres/user_repository.go:29.2,38.16 2 0
github.com/sastromikus/gophkeeper/internal/server/storage/postgres/user_repository.go:38.16,39.29 1 0
github.com/sastromikus/gophkeeper/internal/server/storage/postgres/user_repository.go:39.29,41.4 1 0
github.com/sastromikus/gophkeeper/internal/server/storage/postgres/user_repository.go:42.3,42.44 1 0
github.com/sastromikus/gophkeeper/internal/server/storage/postgres/user_repository.go:44.2,44.12 1 0
github.com/sastromikus/gophkeeper/internal/server/storage/postgres/user_repository.go:48.101,52.16 2 0
github.com/sastromikus/gophkeeper/internal/server/storage/postgres/user_repository.go:52.16,53.71 1 0
github.com/sastromikus/gophkeeper/internal/server/storage/postgres/user_repository.go:53.71,55.4 1 0
github.com/sastromikus/gophkeeper/internal/server/storage/postgres/user_repository.go:56.3,56.67 1 0
github.com/sastromikus/gophkeeper/internal/server/storage/postgres/user_repository.go:58.2,58.18 1 0
github.com/sastromikus/gophkeeper/internal/server/storage/postgres/user_repository.go:62.97,66.16 2 0
github.com/sastromikus/gophkeeper/internal/server/storage/postgres/user_repository.go:66.16,67.71 1 0
github.com/sastromikus/gophkeeper/internal/server/storage/postgres/user_repository.go:67.71,69.4 1 0
github.com/sastromikus/gophkeeper/internal/server/storage/postgres/user_repository.go:70.3,70.64 1 0
github.com/sastromikus/gophkeeper/internal/server/storage/postgres/user_repository.go:72.2,72.18 1 0
github.com/sastromikus/gophkeeper/internal/server/transport/grpcserver/auth.go:35.91,37.2 1 5
github.com/sastromikus/gophkeeper/internal/server/transport/grpcserver/auth.go:40.136,41.32 1 3
github.com/sastromikus/gophkeeper/internal/server/transport/grpcserver/auth.go:41.32,43.3 1 0
github.com/sastromikus/gophkeeper/internal/server/transport/grpcserver/auth.go:44.2,44.20 1 3
github.com/sastromikus/gophkeeper/internal/server/transport/grpcserver/auth.go:44.20,46.3 1 0
github.com/sastromikus/gophkeeper/internal/server/transport/grpcserver/auth.go:47.2,51.16 2 3
github.com/sastromikus/gophkeeper/internal/server/transport/grpcserver/auth.go:51.16,53.3 1 2
github.com/sastromikus/gophkeeper/internal/server/transport/grpcserver/auth.go:54.2,55.167 2 1
github.com/sastromikus/gophkeeper/internal/server/transport/grpcserver/auth.go:59.127,60.28 1 1
github.com/sastromikus/gophkeeper/internal/server/transport/grpcserver/auth.go:60.28,62.3 1 0
github.com/sastromikus/gophkeeper/internal/server/transport/grpcserver/auth.go:63.2,63.20 1 1
github.com/sastromikus/gophkeeper/internal/server/transport/grpcserver/auth.go:63.20,65.3 1 0
github.com/sastromikus/gophkeeper/internal/server/transport/grpcserver/auth.go:66.2,67.16 2 1
github.com/sastromikus/gophkeeper/internal/server/transport/grpcserver/auth.go:67.16,69.3 1 0
github.com/sastromikus/gophkeeper/internal/server/transport/grpcserver/auth.go:70.2,75.16 3 1
github.com/sastromikus/gophkeeper/internal/server/transport/grpcserver/auth.go:79.124,80.28 1 1
github.com/sastromikus/gophkeeper/internal/server/transport/grpcserver/auth.go:80.28,82.3 1 0
github.com/sastromikus/gophkeeper/internal/server/transport/grpcserver/auth.go:83.2,84.9 2 1
github.com/sastromikus/gophkeeper/internal/server/transport/grpcserver/auth.go:84.9,86.3 1 0
github.com/sastromikus/gophkeeper/internal/server/transport/grpcserver/auth.go:87.2,87.73 1 1
github.com/sastromikus/gophkeeper/internal/server/transport/grpcserver/auth.go:87.73,89.3 1 0
github.com/sastromikus/gophkeeper/internal/server/transport/grpcserver/auth.go:90.2,90.59 1 1
github.com/sastromikus/gophkeeper/internal/server/transport/grpcserver/auth.go:93.32,94.9 1 9
github.com/sastromikus/gophkeeper/internal/server/transport/grpcserver/auth.go:95.45,96.58 1 2
github.com/sastromikus/gophkeeper/internal/server/transport/grpcserver/auth.go:97.46,98.74 1 2
github.com/sastromikus/gophkeeper/internal/server/transport/grpcserver/auth.go:99.48,100.70 1 0
github.com/sastromikus/gophkeeper/internal/server/transport/grpcserver/auth.go:101.42,102.63 1 0
github.com/sastromikus/gophkeeper/internal/server/transport/grpcserver/auth.go:103.41,104.60 1 1
github.com/sastromikus/gophkeeper/internal/server/transport/grpcserver/auth.go:105.48,106.64 1 1
github.com/sastromikus/gophkeeper/internal/server/transport/grpcserver/auth.go:107.48,108.71 1 1
github.com/sastromikus/gophkeeper/internal/server/transport/grpcserver/auth.go:109.10,110.63 1 2
github.com/sastromikus/gophkeeper/internal/server/transport/grpcserver/auth_interceptor.go:29.66,32.2 2 23
github.com/sastromikus/gophkeeper/internal/server/transport/grpcserver/auth_interceptor.go:35.91,36.116 1 3
github.com/sastromikus/gophkeeper/internal/server/transport/grpcserver/auth_interceptor.go:36.116,37.142 1 3
github.com/sastromikus/gophkeeper/internal/server/transport/grpcserver/auth_interceptor.go:37.142,39.4 1 1
github.com/sastromikus/gophkeeper/internal/server/transport/grpcserver/auth_interceptor.go:40.3,40.27 1 2
github.com/sastromikus/gophkeeper/internal/server/transport/grpcserver/auth_interceptor.go:40.27,42.4 1 0
github.com/sastromikus/gophkeeper/internal/server/transport/grpcserver/auth_interceptor.go:43.3,44.10 2 2
github.com/sastromikus/gophkeeper/internal/server/transport/grpcserver/auth_interceptor.go:44.10,46.4 1 1
github.com/sastromikus/gophkeeper/internal/server/transport/grpcserver/auth_interceptor.go:47.3,48.17 2 1
github.com/sastromikus/gophkeeper/internal/server/transport/grpcserver/auth_interceptor.go:48.17,50.4 1 0
github.com/sastromikus/gophkeeper/internal/server/transport/grpcserver/auth_interceptor.go:51.3,52.31 2 1
github.com/sastromikus/gophkeeper/internal/server/transport/grpcserver/auth_interceptor.go:56.54,58.9 2 2
github.com/sastromikus/gophkeeper/internal/server/transport/grpcserver/auth_interceptor.go:58.9,60.3 1 1
github.com/sastromikus/gophkeeper/internal/server/transport/grpcserver/auth_interceptor.go:61.2,62.22 2 1
github.com/sastromikus/gophkeeper/internal/server/transport/grpcserver/auth_interceptor.go:62.22,64.3 1 0
github.com/sastromikus/gophkeeper/internal/server/transport/grpcserver/auth_interceptor.go:65.2,66.81 2 1
github.com/sastromikus/gophkeeper/internal/server/transport/grpcserver/auth_interceptor.go:66.81,68.3 1 0
github.com/sastromikus/gophkeeper/internal/server/transport/grpcserver/auth_interceptor.go:69.2,69.23 1 1
github.com/sastromikus/gophkeeper/internal/server/transport/grpcserver/security_interceptors.go:24.63,27.2 2 3
github.com/sastromikus/gophkeeper/internal/server/transport/grpcserver/security_interceptors.go:30.62,31.116 1 1
github.com/sastromikus/gophkeeper/internal/server/transport/grpcserver/security_interceptors.go:31.116,33.3 1 1
github.com/sastromikus/gophkeeper/internal/server/transport/grpcserver/security_interceptors.go:38.86,39.19 1 1
github.com/sastromikus/gophkeeper/internal/server/transport/grpcserver/security_interceptors.go:39.19,41.3 1 0
github.com/sastromikus/gophkeeper/internal/server/transport/grpcserver/security_interceptors.go:42.2,42.129 1 1
github.com/sastromikus/gophkeeper/internal/server/transport/grpcserver/security_interceptors.go:42.129,44.10 2 1
github.com/sastromikus/gophkeeper/internal/server/transport/grpcserver/security_interceptors.go:44.10,47.4 2 0
github.com/sastromikus/gophkeeper/internal/server/transport/grpcserver/security_interceptors.go:48.3,57.53 4 1
github.com/sastromikus/gophkeeper/internal/server/transport/grpcserver/security_interceptors.go:57.53,59.4 1 0
github.com/sastromikus/gophkeeper/internal/server/transport/grpcserver/security_interceptors.go:60.3,61.23 2 1
github.com/sastromikus/gophkeeper/internal/server/transport/grpcserver/security_interceptors.go:66.80,67.19 1 1
github.com/sastromikus/gophkeeper/internal/server/transport/grpcserver/security_interceptors.go:67.19,69.3 1 0
github.com/sastromikus/gophkeeper/internal/server/transport/grpcserver/security_interceptors.go:70.2,70.129 1 1
github.com/sastromikus/gophkeeper/internal/server/transport/grpcserver/security_interceptors.go:70.129,71.16 1 1
github.com/sastromikus/gophkeeper/internal/server/transport/grpcserver/security_interceptors.go:71.16,72.48 1 1
github.com/sastromikus/gophkeeper/internal/server/transport/grpcserver/security_interceptors.go:72.48,82.5 4 1
github.com/sastromikus/gophkeeper/internal/server/transport/grpcserver/security_interceptors.go:84.3,84.31 1 1
github.com/sastromikus/gophkeeper/internal/server/transport/grpcserver/security_interceptors.go:105.100,106.16 1 2
github.com/sastromikus/gophkeeper/internal/server/transport/grpcserver/security_interceptors.go:106.16,108.3 1 0
github.com/sastromikus/gophkeeper/internal/server/transport/grpcserver/security_interceptors.go:109.2,109.17 1 2
github.com/sastromikus/gophkeeper/internal/server/transport/grpcserver/security_interceptors.go:109.17,111.3 1 0
github.com/sastromikus/gophkeeper/internal/server/transport/grpcserver/security_interceptors.go:112.2,112.21 1 2
github.com/sastromikus/gophkeeper/internal/server/transport/grpcserver/security_interceptors.go:112.21,114.3 1 0
github.com/sastromikus/gophkeeper/internal/server/transport/grpcserver/security_interceptors.go:115.2,118.8 1 2
github.com/sastromikus/gophkeeper/internal/server/transport/grpcserver/security_interceptors.go:121.56,122.20 1 6
github.com/sastromikus/gophkeeper/internal/server/transport/grpcserver/security_interceptors.go:122.20,124.3 1 0
github.com/sastromikus/gophkeeper/internal/server/transport/grpcserver/security_interceptors.go:125.2,130.58 5 6
github.com/sastromikus/gophkeeper/internal/server/transport/grpcserver/security_interceptors.go:130.58,133.3 2 1
github.com/sastromikus/gophkeeper/internal/server/transport/grpcserver/security_interceptors.go:134.2,134.59 1 6
github.com/sastromikus/gophkeeper/internal/server/transport/grpcserver/security_interceptors.go:134.59,135.53 1 0
github.com/sastromikus/gophkeeper/internal/server/transport/grpcserver/security_interceptors.go:135.53,136.52 1 0
github.com/sastromikus/gophkeeper/internal/server/transport/grpcserver/security_interceptors.go:136.52,138.5 1 0
github.com/sastromikus/gophkeeper/internal/server/transport/grpcserver/security_interceptors.go:140.3,140.49 1 0
github.com/sastromikus/gophkeeper/internal/server/transport/grpcserver/security_interceptors.go:140.49,142.4 1 0
github.com/sastromikus/gophkeeper/internal/server/transport/grpcserver/security_interceptors.go:144.2,144.13 1 6
github.com/sastromikus/gophkeeper/internal/server/transport/grpcserver/security_interceptors.go:144.13,147.3 2 3
github.com/sastromikus/gophkeeper/internal/server/transport/grpcserver/security_interceptors.go:148.2,148.36 1 3
github.com/sastromikus/gophkeeper/internal/server/transport/grpcserver/security_interceptors.go:148.36,150.3 1 2
github.com/sastromikus/gophkeeper/internal/server/transport/grpcserver/security_interceptors.go:151.2,153.13 3 1
github.com/sastromikus/gophkeeper/internal/server/transport/grpcserver/security_interceptors.go:157.90,158.116 1 1
github.com/sastromikus/gophkeeper/internal/server/transport/grpcserver/security_interceptors.go:158.116,159.142 1 3
github.com/sastromikus/gophkeeper/internal/server/transport/grpcserver/security_interceptors.go:159.142,161.4 1 0
github.com/sastromikus/gophkeeper/internal/server/transport/grpcserver/security_interceptors.go:162.3,162.21 1 3
github.com/sastromikus/gophkeeper/internal/server/transport/grpcserver/security_interceptors.go:162.21,164.4 1 0
github.com/sastromikus/gophkeeper/internal/server/transport/grpcserver/security_interceptors.go:165.3,165.41 1 3
github.com/sastromikus/gophkeeper/internal/server/transport/grpcserver/security_interceptors.go:165.41,167.4 1 1
github.com/sastromikus/gophkeeper/internal/server/transport/grpcserver/security_interceptors.go:168.3,168.31 1 2
github.com/sastromikus/gophkeeper/internal/server/transport/grpcserver/security_interceptors.go:172.48,174.31 2 3
github.com/sastromikus/gophkeeper/internal/server/transport/grpcserver/security_interceptors.go:174.31,176.3 1 0
github.com/sastromikus/gophkeeper/internal/server/transport/grpcserver/security_interceptors.go:177.2,178.30 2 3
github.com/sastromikus/gophkeeper/internal/server/transport/grpcserver/security_interceptors.go:178.30,180.3 1 3
github.com/sastromikus/gophkeeper/internal/server/transport/grpcserver/security_interceptors.go:181.2,181.29 1 0
github.com/sastromikus/gophkeeper/internal/server/transport/grpcserver/security_interceptors.go:184.28,186.47 2 1
github.com/sastromikus/gophkeeper/internal/server/transport/grpcserver/security_interceptors.go:186.47,188.3 1 0
github.com/sastromikus/gophkeeper/internal/server/transport/grpcserver/security_interceptors.go:189.2,189.37 1 1
github.com/sastromikus/gophkeeper/internal/server/transport/grpcserver/vault.go:31.58,33.2 1 10
github.com/sastromikus/gophkeeper/internal/server/transport/grpcserver/vault.go:36.143,38.16 2 2
github.com/sastromikus/gophkeeper/internal/server/transport/grpcserver/vault.go:38.16,40.3 1 0
github.com/sastromikus/gophkeeper/internal/server/transport/grpcserver/vault.go:41.2,41.25 1 2
github.com/sastromikus/gophkeeper/internal/server/transport/grpcserver/vault.go:41.25,43.3 1 0
github.com/sastromikus/gophkeeper/internal/server/transport/grpcserver/vault.go:44.2,44.48 1 2
github.com/sastromikus/gophkeeper/internal/server/transport/grpcserver/vault.go:44.48,46.3 1 1
github.com/sastromikus/gophkeeper/internal/server/transport/grpcserver/vault.go:47.2,48.16 2 1
github.com/sastromikus/gophkeeper/internal/server/transport/grpcserver/vault.go:48.16,50.3 1 0
github.com/sastromikus/gophkeeper/internal/server/transport/grpcserver/vault.go:51.2,52.16 2 1
github.com/sastromikus/gophkeeper/internal/server/transport/grpcserver/vault.go:52.16,54.3 1 0
github.com/sastromikus/gophkeeper/internal/server/transport/grpcserver/vault.go:55.2,55.88 1 1
github.com/sastromikus/gophkeeper/internal/server/transport/grpcserver/vault.go:59.137,61.16 2 10
[...]
github.com/sastromikus/gophkeeper/internal/client/storage/local.go:117.35,119.3 1 0
github.com/sastromikus/gophkeeper/internal/client/storage/local.go:120.2,121.16 2 12
github.com/sastromikus/gophkeeper/internal/client/storage/local.go:121.16,123.3 1 0
github.com/sastromikus/gophkeeper/internal/client/storage/local.go:124.2,124.66 1 12
github.com/sastromikus/gophkeeper/internal/client/storage/local.go:124.66,126.3 1 0
github.com/sastromikus/gophkeeper/internal/client/storage/local.go:127.2,128.44 2 12
github.com/sastromikus/gophkeeper/internal/client/storage/local.go:128.44,130.3 1 12
github.com/sastromikus/gophkeeper/internal/client/storage/local.go:131.2,139.16 8 12
github.com/sastromikus/gophkeeper/internal/client/storage/local.go:139.16,141.3 1 0
github.com/sastromikus/gophkeeper/internal/client/storage/local.go:142.2,146.44 4 12
github.com/sastromikus/gophkeeper/internal/client/storage/local.go:146.44,149.3 2 0
github.com/sastromikus/gophkeeper/internal/client/storage/local.go:150.2,150.43 1 12
github.com/sastromikus/gophkeeper/internal/client/storage/local.go:150.43,153.3 2 1
github.com/sastromikus/gophkeeper/internal/client/storage/local.go:154.2,154.49 1 11
github.com/sastromikus/gophkeeper/internal/client/storage/local.go:154.49,157.3 2 0
github.com/sastromikus/gophkeeper/internal/client/storage/local.go:158.2,158.19 1 11
github.com/sastromikus/gophkeeper/internal/client/storage/local.go:162.46,163.43 1 12
github.com/sastromikus/gophkeeper/internal/client/storage/local.go:163.43,165.3 1 0
github.com/sastromikus/gophkeeper/internal/client/storage/local.go:166.2,166.31 1 12
github.com/sastromikus/gophkeeper/internal/client/storage/local.go:166.31,168.3 1 11
github.com/sastromikus/gophkeeper/internal/client/storage/local.go:169.2,169.26 1 12
github.com/sastromikus/gophkeeper/internal/client/storage/local.go:173.84,174.45 1 10
github.com/sastromikus/gophkeeper/internal/client/storage/local.go:174.45,176.3 1 0
github.com/sastromikus/gophkeeper/internal/client/storage/local.go:177.2,177.42 1 10
github.com/sastromikus/gophkeeper/internal/client/storage/local.go:177.42,179.3 1 0
github.com/sastromikus/gophkeeper/internal/client/storage/local.go:181.2,182.29 2 10
github.com/sastromikus/gophkeeper/internal/client/storage/local.go:182.29,184.3 1 1
github.com/sastromikus/gophkeeper/internal/client/storage/local.go:185.2,210.16 2 10
github.com/sastromikus/gophkeeper/internal/client/storage/local.go:210.16,212.3 1 0
github.com/sastromikus/gophkeeper/internal/client/storage/local.go:213.2,213.12 1 10
github.com/sastromikus/gophkeeper/internal/client/storage/local.go:217.91,218.45 1 11
github.com/sastromikus/gophkeeper/internal/client/storage/local.go:218.45,220.3 1 0
github.com/sastromikus/gophkeeper/internal/client/storage/local.go:221.2,221.17 1 11
github.com/sastromikus/gophkeeper/internal/client/storage/local.go:221.17,223.3 1 0
github.com/sastromikus/gophkeeper/internal/client/storage/local.go:224.2,230.35 3 11
github.com/sastromikus/gophkeeper/internal/client/storage/local.go:230.35,232.3 1 1
github.com/sastromikus/gophkeeper/internal/client/storage/local.go:233.2,233.16 1 10
github.com/sastromikus/gophkeeper/internal/client/storage/local.go:233.16,235.3 1 0
github.com/sastromikus/gophkeeper/internal/client/storage/local.go:236.2,236.20 1 10
github.com/sastromikus/gophkeeper/internal/client/storage/local.go:240.102,241.45 1 2
github.com/sastromikus/gophkeeper/internal/client/storage/local.go:241.45,243.3 1 0
github.com/sastromikus/gophkeeper/internal/client/storage/local.go:244.2,249.21 2 2
github.com/sastromikus/gophkeeper/internal/client/storage/local.go:249.21,251.3 1 1
github.com/sastromikus/gophkeeper/internal/client/storage/local.go:252.2,254.16 3 2
github.com/sastromikus/gophkeeper/internal/client/storage/local.go:254.16,256.3 1 0
github.com/sastromikus/gophkeeper/internal/client/storage/local.go:257.2,260.18 3 2
github.com/sastromikus/gophkeeper/internal/client/storage/local.go:260.18,262.17 2 5
github.com/sastromikus/gophkeeper/internal/client/storage/local.go:262.17,264.4 1 0
github.com/sastromikus/gophkeeper/internal/client/storage/local.go:265.3,265.36 1 5
github.com/sastromikus/gophkeeper/internal/client/storage/local.go:267.2,267.35 1 2
github.com/sastromikus/gophkeeper/internal/client/storage/local.go:267.35,269.3 1 0
github.com/sastromikus/gophkeeper/internal/client/storage/local.go:270.2,270.21 1 2
github.com/sastromikus/gophkeeper/internal/client/storage/local.go:274.88,275.45 1 1
github.com/sastromikus/gophkeeper/internal/client/storage/local.go:275.45,277.3 1 0
github.com/sastromikus/gophkeeper/internal/client/storage/local.go:278.2,285.16 2 1
github.com/sastromikus/gophkeeper/internal/client/storage/local.go:285.16,287.3 1 0
github.com/sastromikus/gophkeeper/internal/client/storage/local.go:288.2,291.18 3 1
github.com/sastromikus/gophkeeper/internal/client/storage/local.go:291.18,293.17 2 2
github.com/sastromikus/gophkeeper/internal/client/storage/local.go:293.17,295.4 1 0
github.com/sastromikus/gophkeeper/internal/client/storage/local.go:296.3,296.36 1 2
github.com/sastromikus/gophkeeper/internal/client/storage/local.go:298.2,298.35 1 1
github.com/sastromikus/gophkeeper/internal/client/storage/local.go:298.35,300.3 1 0
github.com/sastromikus/gophkeeper/internal/client/storage/local.go:301.2,301.21 1 1
github.com/sastromikus/gophkeeper/internal/client/storage/local.go:305.79,306.45 1 2
github.com/sastromikus/gophkeeper/internal/client/storage/local.go:306.45,308.3 1 0
github.com/sastromikus/gophkeeper/internal/client/storage/local.go:309.2,309.17 1 2
github.com/sastromikus/gophkeeper/internal/client/storage/local.go:309.17,311.3 1 0
github.com/sastromikus/gophkeeper/internal/client/storage/local.go:312.2,313.16 2 2
github.com/sastromikus/gophkeeper/internal/client/storage/local.go:313.16,315.3 1 0
github.com/sastromikus/gophkeeper/internal/client/storage/local.go:316.2,316.15 1 2
github.com/sastromikus/gophkeeper/internal/client/storage/local.go:316.15,316.36 1 2
github.com/sastromikus/gophkeeper/internal/client/storage/local.go:317.2,318.16 2 2
github.com/sastromikus/gophkeeper/internal/client/storage/local.go:318.16,320.3 1 0
github.com/sastromikus/gophkeeper/internal/client/storage/local.go:321.2,322.16 2 2
github.com/sastromikus/gophkeeper/internal/client/storage/local.go:322.16,324.3 1 0
github.com/sastromikus/gophkeeper/internal/client/storage/local.go:325.2,325.16 1 2
github.com/sastromikus/gophkeeper/internal/client/storage/local.go:325.16,327.3 1 1
github.com/sastromikus/gophkeeper/internal/client/storage/local.go:328.2,328.105 1 1
github.com/sastromikus/gophkeeper/internal/client/storage/local.go:328.105,330.3 1 0
github.com/sastromikus/gophkeeper/internal/client/storage/local.go:331.2,331.36 1 1
github.com/sastromikus/gophkeeper/internal/client/storage/local.go:331.36,333.3 1 0
github.com/sastromikus/gophkeeper/internal/client/storage/local.go:334.2,334.12 1 1
github.com/sastromikus/gophkeeper/internal/client/storage/local.go:338.81,339.45 1 3
github.com/sastromikus/gophkeeper/internal/client/storage/local.go:339.45,341.3 1 0
github.com/sastromikus/gophkeeper/internal/client/storage/local.go:342.2,343.126 2 3
github.com/sastromikus/gophkeeper/internal/client/storage/local.go:343.126,345.3 1 0
github.com/sastromikus/gophkeeper/internal/client/storage/local.go:346.2,346.22 1 3
github.com/sastromikus/gophkeeper/internal/client/storage/local.go:350.91,351.45 1 2
github.com/sastromikus/gophkeeper/internal/client/storage/local.go:351.45,353.3 1 0
github.com/sastromikus/gophkeeper/internal/client/storage/local.go:354.2,354.18 1 2
github.com/sastromikus/gophkeeper/internal/client/storage/local.go:354.18,356.3 1 0
github.com/sastromikus/gophkeeper/internal/client/storage/local.go:357.2,361.16 2 2
github.com/sastromikus/gophkeeper/internal/client/storage/local.go:361.16,363.3 1 0
github.com/sastromikus/gophkeeper/internal/client/storage/local.go:364.2,365.16 2 2
github.com/sastromikus/gophkeeper/internal/client/storage/local.go:365.16,367.3 1 0
github.com/sastromikus/gophkeeper/internal/client/storage/local.go:368.2,368.16 1 2
github.com/sastromikus/gophkeeper/internal/client/storage/local.go:368.16,370.3 1 1
github.com/sastromikus/gophkeeper/internal/client/storage/local.go:371.2,371.12 1 1
github.com/sastromikus/gophkeeper/internal/client/storage/local.go:374.67,376.16 2 12
github.com/sastromikus/gophkeeper/internal/client/storage/local.go:376.16,378.3 1 0
github.com/sastromikus/gophkeeper/internal/client/storage/local.go:379.2,379.15 1 12
github.com/sastromikus/gophkeeper/internal/client/storage/local.go:379.15,379.36 1 12
github.com/sastromikus/gophkeeper/internal/client/storage/local.go:381.2,381.119 1 12
github.com/sastromikus/gophkeeper/internal/client/storage/local.go:381.119,383.3 1 0
github.com/sastromikus/gophkeeper/internal/client/storage/local.go:384.2,384.143 1 12
github.com/sastromikus/gophkeeper/internal/client/storage/local.go:384.143,386.3 1 0
github.com/sastromikus/gophkeeper/internal/client/storage/local.go:388.2,389.106 2 12
github.com/sastromikus/gophkeeper/internal/client/storage/local.go:389.106,391.3 1 0
github.com/sastromikus/gophkeeper/internal/client/storage/local.go:392.2,392.34 1 12
github.com/sastromikus/gophkeeper/internal/client/storage/local.go:392.34,394.3 1 1
github.com/sastromikus/gophkeeper/internal/client/storage/local.go:396.2,396.17 1 11
github.com/sastromikus/gophkeeper/internal/client/storage/local.go:396.17,428.40 2 11
github.com/sastromikus/gophkeeper/internal/client/storage/local.go:428.40,429.60 1 55
github.com/sastromikus/gophkeeper/internal/client/storage/local.go:429.60,431.5 1 0
github.com/sastromikus/gophkeeper/internal/client/storage/local.go:433.3,433.89 1 11
github.com/sastromikus/gophkeeper/internal/client/storage/local.go:433.89,435.4 1 0
github.com/sastromikus/gophkeeper/internal/client/storage/local.go:436.3,436.14 1 11
github.com/sastromikus/gophkeeper/internal/client/storage/local.go:439.2,439.17 1 11
github.com/sastromikus/gophkeeper/internal/client/storage/local.go:439.17,461.17 1 11
github.com/sastromikus/gophkeeper/internal/client/storage/local.go:461.17,463.4 1 0
github.com/sastromikus/gophkeeper/internal/client/storage/local.go:464.3,464.89 1 11
github.com/sastromikus/gophkeeper/internal/client/storage/local.go:464.89,466.4 1 0
github.com/sastromikus/gophkeeper/internal/client/storage/local.go:469.2,469.36 1 11
github.com/sastromikus/gophkeeper/internal/client/storage/local.go:469.36,471.3 1 0
github.com/sastromikus/gophkeeper/internal/client/storage/local.go:472.2,472.12 1 11
github.com/sastromikus/gophkeeper/internal/client/storage/local.go:479.63,491.16 2 24
github.com/sastromikus/gophkeeper/internal/client/storage/local.go:491.16,493.3 1 1
github.com/sastromikus/gophkeeper/internal/client/storage/local.go:494.2,495.16 2 23
github.com/sastromikus/gophkeeper/internal/client/storage/local.go:495.16,497.3 1 0
github.com/sastromikus/gophkeeper/internal/client/storage/local.go:498.2,499.46 2 23
github.com/sastromikus/gophkeeper/internal/client/storage/local.go:499.46,501.3 1 0
github.com/sastromikus/gophkeeper/internal/client/storage/local.go:502.2,515.21 2 23
github.com/sastromikus/gophkeeper/internal/client/storage/local.go:515.21,518.3 2 2
github.com/sastromikus/gophkeeper/internal/client/storage/local.go:519.2,519.42 1 23
github.com/sastromikus/gophkeeper/internal/client/storage/local.go:519.42,521.3 1 0
github.com/sastromikus/gophkeeper/internal/client/storage/local.go:522.2,522.20 1 23
github.com/sastromikus/gophkeeper/internal/client/storage/local.go:525.34,526.21 1 84
github.com/sastromikus/gophkeeper/internal/client/storage/local.go:526.21,528.3 1 4
github.com/sastromikus/gophkeeper/internal/client/storage/local.go:529.2,529.14 1 80
github.com/sastromikus/gophkeeper/internal/client/storage/local.go:532.66,533.43 1 43
github.com/sastromikus/gophkeeper/internal/client/storage/local.go:533.43,535.3 1 0
github.com/sastromikus/gophkeeper/internal/client/storage/local.go:536.2,536.16 1 43
github.com/sastromikus/gophkeeper/internal/client/storage/local.go:536.16,538.3 1 0
github.com/sastromikus/gophkeeper/internal/client/storage/local.go:539.2,539.12 1 43
github.com/sastromikus/gophkeeper/internal/client/storage/local.go:545.125,546.45 1 5
github.com/sastromikus/gophkeeper/internal/client/storage/local.go:546.45,548.3 1 0
github.com/sastromikus/gophkeeper/internal/client/storage/local.go:549.2,549.22 1 5
github.com/sastromikus/gophkeeper/internal/client/storage/local.go:549.22,551.3 1 0
github.com/sastromikus/gophkeeper/internal/client/storage/local.go:552.2,552.25 1 5
github.com/sastromikus/gophkeeper/internal/client/storage/local.go:552.25,553.48 1 5
github.com/sastromikus/gophkeeper/internal/client/storage/local.go:553.48,555.4 1 0
github.com/sastromikus/gophkeeper/internal/client/storage/local.go:556.3,556.47 1 5
github.com/sastromikus/gophkeeper/internal/client/storage/local.go:556.47,558.4 1 0
github.com/sastromikus/gophkeeper/internal/client/storage/local.go:561.2,562.16 2 5
github.com/sastromikus/gophkeeper/internal/client/storage/local.go:562.16,564.3 1 0
github.com/sastromikus/gophkeeper/internal/client/storage/local.go:565.2,565.15 1 5
github.com/sastromikus/gophkeeper/internal/client/storage/local.go:565.15,565.36 1 5
github.com/sastromikus/gophkeeper/internal/client/storage/local.go:567.2,568.124 2 5
github.com/sastromikus/gophkeeper/internal/client/storage/local.go:568.124,570.3 1 0
github.com/sastromikus/gophkeeper/internal/client/storage/local.go:571.2,571.36 1 5
github.com/sastromikus/gophkeeper/internal/client/storage/local.go:571.36,573.3 1 0
github.com/sastromikus/gophkeeper/internal/client/storage/local.go:575.2,576.33 2 5
github.com/sastromikus/gophkeeper/internal/client/storage/local.go:576.33,580.10 4 5
github.com/sastromikus/gophkeeper/internal/client/storage/local.go:581.38,582.61 1 1
github.com/sastromikus/gophkeeper/internal/client/storage/local.go:582.61,584.5 1 0
github.com/sastromikus/gophkeeper/internal/client/storage/local.go:585.19,586.83 1 0
github.com/sastromikus/gophkeeper/internal/client/storage/local.go:587.11,589.36 2 4
github.com/sastromikus/gophkeeper/internal/client/storage/local.go:589.36,593.41 1 1
github.com/sastromikus/gophkeeper/internal/client/storage/local.go:593.41,594.66 1 1
github.com/sastromikus/gophkeeper/internal/client/storage/local.go:594.66,596.7 1 0
github.com/sastromikus/gophkeeper/internal/client/storage/local.go:598.5,598.13 1 1
github.com/sastromikus/gophkeeper/internal/client/storage/local.go:600.4,600.69 1 3
github.com/sastromikus/gophkeeper/internal/client/storage/local.go:600.69,601.65 1 3
github.com/sastromikus/gophkeeper/internal/client/storage/local.go:601.65,603.6 1 0
github.com/sastromikus/gophkeeper/internal/client/storage/local.go:604.5,604.149 1 3
github.com/sastromikus/gophkeeper/internal/client/storage/local.go:604.149,606.6 1 0
github.com/sastromikus/gophkeeper/internal/client/storage/local.go:607.5,608.13 2 3
github.com/sastromikus/gophkeeper/internal/client/storage/local.go:610.4,610.40 1 0
github.com/sastromikus/gophkeeper/internal/client/storage/local.go:610.40,611.62 1 0
github.com/sastromikus/gophkeeper/internal/client/storage/local.go:611.62,613.6 1 0
github.com/sastromikus/gophkeeper/internal/client/storage/local.go:614.5,614.115 1 0
github.com/sastromikus/gophkeeper/internal/client/storage/local.go:614.115,616.6 1 0
github.com/sastromikus/gophkeeper/internal/client/storage/local.go:620.2,620.117 1 5
github.com/sastromikus/gophkeeper/internal/client/storage/local.go:620.117,622.3 1 0
github.com/sastromikus/gophkeeper/internal/client/storage/local.go:623.2,623.36 1 5
github.com/sastromikus/gophkeeper/internal/client/storage/local.go:623.36,625.3 1 0
github.com/sastromikus/gophkeeper/internal/client/storage/local.go:626.2,626.23 1 5
github.com/sastromikus/gophkeeper/internal/client/storage/local.go:629.86,632.29 3 6
github.com/sastromikus/gophkeeper/internal/client/storage/local.go:632.29,634.3 1 0
github.com/sastromikus/gophkeeper/internal/client/storage/local.go:635.2,660.16 2 6
github.com/sastromikus/gophkeeper/internal/client/storage/local.go:660.16,662.3 1 0
github.com/sastromikus/gophkeeper/internal/client/storage/local.go:663.2,663.12 1 6
github.com/sastromikus/gophkeeper/internal/client/storage/local.go:666.83,668.29 2 5
github.com/sastromikus/gophkeeper/internal/client/storage/local.go:668.29,670.3 1 0
github.com/sastromikus/gophkeeper/internal/client/storage/local.go:671.2,696.16 2 5
github.com/sastromikus/gophkeeper/internal/client/storage/local.go:696.16,698.3 1 0
github.com/sastromikus/gophkeeper/internal/client/storage/local.go:699.2,699.12 1 5
github.com/sastromikus/gophkeeper/internal/client/storage/session.go:30.66,31.16 1 2
github.com/sastromikus/gophkeeper/internal/client/storage/session.go:31.16,33.3 1 1
github.com/sastromikus/gophkeeper/internal/client/storage/session.go:34.2,34.43 1 1
github.com/sastromikus/gophkeeper/internal/client/storage/session.go:38.63,39.72 1 1
github.com/sastromikus/gophkeeper/internal/client/storage/session.go:39.72,41.3 1 0
github.com/sastromikus/gophkeeper/internal/client/storage/session.go:42.2,42.69 1 1
github.com/sastromikus/gophkeeper/internal/client/storage/session.go:42.69,44.3 1 0
github.com/sastromikus/gophkeeper/internal/client/storage/session.go:45.2,46.16 2 1
github.com/sastromikus/gophkeeper/internal/client/storage/session.go:46.16,48.3 1 0
github.com/sastromikus/gophkeeper/internal/client/storage/session.go:49.2,50.16 2 1
github.com/sastromikus/gophkeeper/internal/client/storage/session.go:50.16,52.3 1 0
github.com/sastromikus/gophkeeper/internal/client/storage/session.go:53.2,54.15 2 1
github.com/sastromikus/gophkeeper/internal/client/storage/session.go:54.15,54.47 1 1
github.com/sastromikus/gophkeeper/internal/client/storage/session.go:56.2,56.47 1 1
github.com/sastromikus/gophkeeper/internal/client/storage/session.go:56.47,59.3 2 0
github.com/sastromikus/gophkeeper/internal/client/storage/session.go:60.2,60.49 1 1
github.com/sastromikus/gophkeeper/internal/client/storage/session.go:60.49,63.3 2 0
github.com/sastromikus/gophkeeper/internal/client/storage/session.go:64.2,64.41 1 1
github.com/sastromikus/gophkeeper/internal/client/storage/session.go:64.41,67.3 2 0
github.com/sastromikus/gophkeeper/internal/client/storage/session.go:68.2,68.42 1 1
github.com/sastromikus/gophkeeper/internal/client/storage/session.go:68.42,70.3 1 0
github.com/sastromikus/gophkeeper/internal/client/storage/session.go:71.2,71.61 1 1
github.com/sastromikus/gophkeeper/internal/client/storage/session.go:71.61,73.100 1 0
github.com/sastromikus/gophkeeper/internal/client/storage/session.go:73.100,75.4 1 0
github.com/sastromikus/gophkeeper/internal/client/storage/session.go:76.3,76.62 1 0
github.com/sastromikus/gophkeeper/internal/client/storage/session.go:76.62,78.4 1 0
github.com/sastromikus/gophkeeper/internal/client/storage/session.go:80.2,80.12 1 1
github.com/sastromikus/gophkeeper/internal/client/storage/session.go:84.61,86.16 2 2
github.com/sastromikus/gophkeeper/internal/client/storage/session.go:86.16,87.37 1 1
github.com/sastromikus/gophkeeper/internal/client/storage/session.go:87.37,89.4 1 1
github.com/sastromikus/gophkeeper/internal/client/storage/session.go:90.3,90.66 1 0
github.com/sastromikus/gophkeeper/internal/client/storage/session.go:92.2,93.53 2 1
github.com/sastromikus/gophkeeper/internal/client/storage/session.go:93.53,95.3 1 0
github.com/sastromikus/gophkeeper/internal/client/storage/session.go:96.2,96.72 1 1
github.com/sastromikus/gophkeeper/internal/client/storage/session.go:96.72,98.3 1 0
github.com/sastromikus/gophkeeper/internal/client/storage/session.go:99.2,99.19 1 1
github.com/sastromikus/gophkeeper/internal/client/storage/session.go:103.47,104.81 1 1
github.com/sastromikus/gophkeeper/internal/client/storage/session.go:104.81,106.3 1 0
github.com/sastromikus/gophkeeper/internal/client/storage/session.go:107.2,107.12 1 1
